[2.575s] Invoking command in '/home/dangthehung/ros2_ws/build/camera': DEBUGINFOD_URLS=https://debuginfod.ubuntu.com PYTHONPATH=/home/dangthehung/ros2_ws/build/camera/prefix_override:/usr/lib/python3/dist-packages/colcon_core/task/python/colcon_distutils_commands:/home/dangthehung/ros2_ws/install/camera/lib/python3.12/site-packages:${PYTHONPATH} VIRTUAL_ENV_PROMPT=(myenv) /usr/bin/python3 -W ignore:setup.py install is deprecated setup.py develop --editable --build-directory /home/dangthehung/ros2_ws/build/camera/build --no-deps symlink_data
[3.498s] running develop
[3.499s] /usr/lib/python3/dist-packages/setuptools/command/develop.py:40: EasyInstallDeprecationWarning: easy_install command is deprecated.
[3.499s] !!
[3.500s] 
[3.500s]         ********************************************************************************
[3.500s]         Please avoid running ``setup.py`` and ``easy_install``.
[3.501s]         Instead, use pypa/build, pypa/installer or other
[3.501s]         standards-based tools.
[3.501s] 
[3.502s]         See https://github.com/pypa/setuptools/issues/917 for details.
[3.502s]         ********************************************************************************
[3.502s] 
[3.502s] !!
[3.503s]   easy_install.initialize_options(self)
[4.091s] running egg_info
[4.145s] writing camera.egg-info/PKG-INFO
[4.145s] writing dependency_links to camera.egg-info/dependency_links.txt
[4.146s] writing entry points to camera.egg-info/entry_points.txt
[4.146s] writing requirements to camera.egg-info/requires.txt
[4.147s] writing top-level names to camera.egg-info/top_level.txt
[4.254s] reading manifest file 'camera.egg-info/SOURCES.txt'
[4.256s] writing manifest file 'camera.egg-info/SOURCES.txt'
[4.319s] running build_ext
[4.319s] Creating /home/dangthehung/ros2_ws/install/camera/lib/python3.12/site-packages/camera.egg-link (link to .)
[4.321s] Installing print_hello script to /home/dangthehung/ros2_ws/install/camera/lib/camera
[4.322s] Installing test script to /home/dangthehung/ros2_ws/install/camera/lib/camera
[4.324s] 
[4.324s] Installed /home/dangthehung/ros2_ws/build/camera
[4.324s] running symlink_data
[4.438s] Invoked command in '/home/dangthehung/ros2_ws/build/camera' returned '0': DEBUGINFOD_URLS=https://debuginfod.ubuntu.com PYTHONPATH=/home/dangthehung/ros2_ws/build/camera/prefix_override:/usr/lib/python3/dist-packages/colcon_core/task/python/colcon_distutils_commands:/home/dangthehung/ros2_ws/install/camera/lib/python3.12/site-packages:${PYTHONPATH} VIRTUAL_ENV_PROMPT=(myenv) /usr/bin/python3 -W ignore:setup.py install is deprecated setup.py develop --editable --build-directory /home/dangthehung/ros2_ws/build/camera/build --no-deps symlink_data
