running egg_info
creating ../../build/stereo_vision/stereo_vision.egg-info
writing ../../build/stereo_vision/stereo_vision.egg-info/PKG-INFO
writing dependency_links to ../../build/stereo_vision/stereo_vision.egg-info/dependency_links.txt
writing entry points to ../../build/stereo_vision/stereo_vision.egg-info/entry_points.txt
writing requirements to ../../build/stereo_vision/stereo_vision.egg-info/requires.txt
writing top-level names to ../../build/stereo_vision/stereo_vision.egg-info/top_level.txt
writing manifest file '../../build/stereo_vision/stereo_vision.egg-info/SOURCES.txt'
reading manifest file '../../build/stereo_vision/stereo_vision.egg-info/SOURCES.txt'
adding license file 'LICENSE'
writing manifest file '../../build/stereo_vision/stereo_vision.egg-info/SOURCES.txt'
running build
running build_py
creating /home/dangthehung/ros2_ws/build/stereo_vision/build
creating /home/dangthehung/ros2_ws/build/stereo_vision/build/lib
creating /home/dangthehung/ros2_ws/build/stereo_vision/build/lib/stereo_vision
copying stereo_vision/__init__.py -> /home/dangthehung/ros2_ws/build/stereo_vision/build/lib/stereo_vision
copying stereo_vision/print_hello.py -> /home/dangthehung/ros2_ws/build/stereo_vision/build/lib/stereo_vision
running install
running install_lib
creating /home/dangthehung/ros2_ws/install/stereo_vision/lib/python3.12/site-packages/stereo_vision
copying /home/dangthehung/ros2_ws/build/stereo_vision/build/lib/stereo_vision/__init__.py -> /home/dangthehung/ros2_ws/install/stereo_vision/lib/python3.12/site-packages/stereo_vision
copying /home/dangthehung/ros2_ws/build/stereo_vision/build/lib/stereo_vision/print_hello.py -> /home/dangthehung/ros2_ws/install/stereo_vision/lib/python3.12/site-packages/stereo_vision
byte-compiling /home/dangthehung/ros2_ws/install/stereo_vision/lib/python3.12/site-packages/stereo_vision/__init__.py to __init__.cpython-312.pyc
byte-compiling /home/dangthehung/ros2_ws/install/stereo_vision/lib/python3.12/site-packages/stereo_vision/print_hello.py to print_hello.cpython-312.pyc
running install_data
creating /home/dangthehung/ros2_ws/install/stereo_vision/share/ament_index
creating /home/dangthehung/ros2_ws/install/stereo_vision/share/ament_index/resource_index
creating /home/dangthehung/ros2_ws/install/stereo_vision/share/ament_index/resource_index/packages
copying resource/stereo_vision -> /home/dangthehung/ros2_ws/install/stereo_vision/share/ament_index/resource_index/packages
copying package.xml -> /home/dangthehung/ros2_ws/install/stereo_vision/share/stereo_vision
running install_egg_info
Copying ../../build/stereo_vision/stereo_vision.egg-info to /home/dangthehung/ros2_ws/install/stereo_vision/lib/python3.12/site-packages/stereo_vision-0.0.0-py3.12.egg-info
running install_scripts
Installing print_hello script to /home/dangthehung/ros2_ws/install/stereo_vision/lib/stereo_vision
writing list of installed files to '/home/dangthehung/ros2_ws/build/stereo_vision/install.log'
