[0.010s] Invoking command in '/home/dangthehung/ros2_ws/build/turtlesim': CMAKE_PREFIX_PATH=${CMAKE_PREFIX_PATH}:/opt/ros/jazzy DEBUGINFOD_URLS=https://debuginfod.ubuntu.com /usr/bin/cmake /home/dangthehung/ros2_ws/src/ros_tutorials/turtlesim -DCMAKE_INSTALL_PREFIX=/home/dangthehung/ros2_ws/install/turtlesim
[0.092s] -- The C compiler identification is GNU 13.2.0
[0.212s] -- The CXX compiler identification is GNU 13.2.0
[0.229s] -- Detecting C compiler ABI info
[0.356s] -- Detecting C compiler ABI info - done
[0.371s] -- Check for working C compiler: /usr/bin/cc - skipped
[0.371s] -- Detecting C compile features
[0.372s] -- Detecting C compile features - done
[0.388s] -- Detecting CXX compiler ABI info
[0.534s] -- Detecting CXX compiler ABI info - done
[0.546s] -- Check for working CXX compiler: /usr/bin/c++ - skipped
[0.547s] -- Detecting CXX compile features
[0.548s] -- Detecting CXX compile features - done
[0.553s] -- Found ament_cmake: 2.5.2 (/opt/ros/jazzy/share/ament_cmake/cmake)
[0.731s] -- Found Python3: /usr/bin/python3 (found version "3.12.3") found components: Interpreter 
[0.835s] -- Found ament_index_cpp: 1.8.1 (/opt/ros/jazzy/share/ament_index_cpp/cmake)
[0.838s] -- Found geometry_msgs: 5.3.5 (/opt/ros/jazzy/share/geometry_msgs/cmake)
[0.886s] -- Found rosidl_generator_c: 4.6.3 (/opt/ros/jazzy/share/rosidl_generator_c/cmake)
[0.898s] -- Found rosidl_generator_cpp: 4.6.3 (/opt/ros/jazzy/share/rosidl_generator_cpp/cmake)
[0.914s] -- Using all available rosidl_typesupport_c: rosidl_typesupport_fastrtps_c;rosidl_typesupport_introspection_c
[0.930s] -- Using all available rosidl_typesupport_cpp: rosidl_typesupport_fastrtps_cpp;rosidl_typesupport_introspection_cpp
[0.983s] -- Found rcl_interfaces: 2.0.2 (/opt/ros/jazzy/share/rcl_interfaces/cmake)
[1.024s] -- Found rclcpp: 28.1.3 (/opt/ros/jazzy/share/rclcpp/cmake)
[1.044s] -- Found rmw_implementation_cmake: 7.3.1 (/opt/ros/jazzy/share/rmw_implementation_cmake/cmake)
[1.047s] -- Found rmw_fastrtps_cpp: 8.4.1 (/opt/ros/jazzy/share/rmw_fastrtps_cpp/cmake)
[1.120s] -- Found OpenSSL: /usr/lib/x86_64-linux-gnu/libcrypto.so (found version "3.0.13")  
[1.153s] -- Found FastRTPS: /opt/ros/jazzy/include (Required is at least version "2.13") 
[1.192s] -- Using RMW implementation 'rmw_fastrtps_cpp' as default
[1.272s] -- Found rclcpp_action: 28.1.3 (/opt/ros/jazzy/share/rclcpp_action/cmake)
[1.315s] -- Found rosidl_default_generators: 1.6.0 (/opt/ros/jazzy/share/rosidl_default_generators/cmake)
[1.326s] -- Found rosidl_adapter: 4.6.3 (/opt/ros/jazzy/share/rosidl_adapter/cmake)
[1.329s] -- Found std_srvs: 5.3.5 (/opt/ros/jazzy/share/std_srvs/cmake)
[2.052s] -- Found ament_cmake_ros: 0.12.0 (/opt/ros/jazzy/share/ament_cmake_ros/cmake)
[2.887s] -- Using all available rosidl_typesupport_c: rosidl_typesupport_fastrtps_c;rosidl_typesupport_introspection_c
[3.173s] -- Using all available rosidl_typesupport_cpp: rosidl_typesupport_fastrtps_cpp;rosidl_typesupport_introspection_cpp
[3.176s] -- Found python_cmake_module: 0.11.1 (/opt/ros/jazzy/share/python_cmake_module/cmake)
[3.316s] -- Found PythonExtra: /usr/bin/python3  
[3.791s] -- Found Python3: /usr/bin/python3 (found version "3.12.3") found components: Interpreter Development NumPy Development.Module Development.Embed 
[3.835s] -- Found ament_lint_auto: 0.17.1 (/opt/ros/jazzy/share/ament_lint_auto/cmake)
[3.862s] -- Added test 'copyright' to check source files copyright and LICENSE
[3.865s] -- Added test 'cppcheck' to perform static code analysis on C / C++ code
[3.867s] -- Configured cppcheck include dirs: /home/dangthehung/ros2_ws/src/ros_tutorials/turtlesim/include
[3.867s] -- Configured cppcheck exclude dirs and/or files: 
[3.869s] -- Added test 'cpplint' to check C / C++ code against the Google style
[3.869s] -- Configured cpplint exclude dirs and/or files: 
[3.870s] -- Added test 'flake8' to check Python code syntax and style conventions
[3.870s] -- Configured 'flake8' exclude dirs and/or files: 
[3.870s] -- Added test 'lint_cmake' to check CMake code style
[3.871s] -- Added test 'pep257' to check Python code against some of the docstring style conventions in PEP 257
[3.874s] -- Added test 'uncrustify' to check C / C++ code style
[3.874s] -- Configured uncrustify additional arguments: 
[3.875s] -- Added test 'xmllint' to check XML markup files
[3.878s] -- Configuring done (3.9s)
[3.950s] -- Generating done (0.1s)
[3.953s] -- Build files have been written to: /home/dangthehung/ros2_ws/build/turtlesim
[3.970s] Invoked command in '/home/dangthehung/ros2_ws/build/turtlesim' returned '0': CMAKE_PREFIX_PATH=${CMAKE_PREFIX_PATH}:/opt/ros/jazzy DEBUGINFOD_URLS=https://debuginfod.ubuntu.com /usr/bin/cmake /home/dangthehung/ros2_ws/src/ros_tutorials/turtlesim -DCMAKE_INSTALL_PREFIX=/home/dangthehung/ros2_ws/install/turtlesim
[3.971s] Invoking command in '/home/dangthehung/ros2_ws/build/turtlesim': CMAKE_PREFIX_PATH=${CMAKE_PREFIX_PATH}:/opt/ros/jazzy DEBUGINFOD_URLS=https://debuginfod.ubuntu.com /usr/bin/cmake --build /home/dangthehung/ros2_ws/build/turtlesim -- -j4 -l4
[4.038s] [  0%] [34m[1mGenerating type hashes for ROS interfaces[0m
[4.046s] [  0%] Built target ament_cmake_python_copy_turtlesim
[4.277s] running egg_info
[4.278s] creating turtlesim.egg-info
[4.297s] writing turtlesim.egg-info/PKG-INFO
[4.298s] writing dependency_links to turtlesim.egg-info/dependency_links.txt
[4.298s] writing top-level names to turtlesim.egg-info/top_level.txt
[4.298s] writing manifest file 'turtlesim.egg-info/SOURCES.txt'
[4.369s] reading manifest file 'turtlesim.egg-info/SOURCES.txt'
[4.369s] writing manifest file 'turtlesim.egg-info/SOURCES.txt'
[4.371s] [  0%] Built target turtlesim__rosidl_generator_type_description
[4.387s] [  1%] [34m[1mGenerating C code for ROS interfaces[0m
[4.394s] [  2%] [34m[1mGenerating C++ code for ROS interfaces[0m
[4.413s] [  2%] Built target ament_cmake_python_build_turtlesim_egg
[5.470s] [  2%] Built target turtlesim__cpp
[5.700s] [  5%] [32mBuilding C object CMakeFiles/turtlesim__rosidl_generator_c.dir/rosidl_generator_c/turtlesim/action/detail/rotate_absolute__description.c.o[0m
[5.700s] [  5%] [32mBuilding C object CMakeFiles/turtlesim__rosidl_generator_c.dir/rosidl_generator_c/turtlesim/msg/detail/color__description.c.o[0m
[5.700s] [  6%] [32mBuilding C object CMakeFiles/turtlesim__rosidl_generator_c.dir/rosidl_generator_c/turtlesim/action/detail/rotate_absolute__functions.c.o[0m
[5.700s] [  5%] [32mBuilding C object CMakeFiles/turtlesim__rosidl_generator_c.dir/rosidl_generator_c/turtlesim/action/detail/rotate_absolute__type_support.c.o[0m
[5.771s] [  7%] [32mBuilding C object CMakeFiles/turtlesim__rosidl_generator_c.dir/rosidl_generator_c/turtlesim/msg/detail/color__functions.c.o[0m
[5.775s] [  7%] [32mBuilding C object CMakeFiles/turtlesim__rosidl_generator_c.dir/rosidl_generator_c/turtlesim/msg/detail/color__type_support.c.o[0m
[5.837s] [  8%] [32mBuilding C object CMakeFiles/turtlesim__rosidl_generator_c.dir/rosidl_generator_c/turtlesim/msg/detail/pose__description.c.o[0m
[5.866s] [  9%] [32mBuilding C object CMakeFiles/turtlesim__rosidl_generator_c.dir/rosidl_generator_c/turtlesim/msg/detail/pose__functions.c.o[0m
[5.886s] [ 10%] [32mBuilding C object CMakeFiles/turtlesim__rosidl_generator_c.dir/rosidl_generator_c/turtlesim/msg/detail/pose__type_support.c.o[0m
[5.901s] [ 11%] [32mBuilding C object CMakeFiles/turtlesim__rosidl_generator_c.dir/rosidl_generator_c/turtlesim/srv/detail/kill__description.c.o[0m
[5.942s] [ 12%] [32mBuilding C object CMakeFiles/turtlesim__rosidl_generator_c.dir/rosidl_generator_c/turtlesim/srv/detail/kill__functions.c.o[0m
[5.968s] [ 13%] [32mBuilding C object CMakeFiles/turtlesim__rosidl_generator_c.dir/rosidl_generator_c/turtlesim/srv/detail/kill__type_support.c.o[0m
[5.990s] [ 13%] [32mBuilding C object CMakeFiles/turtlesim__rosidl_generator_c.dir/rosidl_generator_c/turtlesim/srv/detail/set_pen__description.c.o[0m
[6.008s] [ 14%] [32mBuilding C object CMakeFiles/turtlesim__rosidl_generator_c.dir/rosidl_generator_c/turtlesim/srv/detail/set_pen__functions.c.o[0m
[6.033s] [ 15%] [32mBuilding C object CMakeFiles/turtlesim__rosidl_generator_c.dir/rosidl_generator_c/turtlesim/srv/detail/set_pen__type_support.c.o[0m
[6.076s] [ 17%] [32mBuilding C object CMakeFiles/turtlesim__rosidl_generator_c.dir/rosidl_generator_c/turtlesim/srv/detail/spawn__description.c.o[0m
[6.076s] [ 17%] [32mBuilding C object CMakeFiles/turtlesim__rosidl_generator_c.dir/rosidl_generator_c/turtlesim/srv/detail/spawn__functions.c.o[0m
[6.096s] [ 18%] [32mBuilding C object CMakeFiles/turtlesim__rosidl_generator_c.dir/rosidl_generator_c/turtlesim/srv/detail/spawn__type_support.c.o[0m
[6.127s] [ 19%] [32mBuilding C object CMakeFiles/turtlesim__rosidl_generator_c.dir/rosidl_generator_c/turtlesim/srv/detail/teleport_absolute__description.c.o[0m
[6.160s] [ 20%] [32mBuilding C object CMakeFiles/turtlesim__rosidl_generator_c.dir/rosidl_generator_c/turtlesim/srv/detail/teleport_absolute__functions.c.o[0m
[6.182s] [ 20%] [32mBuilding C object CMakeFiles/turtlesim__rosidl_generator_c.dir/rosidl_generator_c/turtlesim/srv/detail/teleport_absolute__type_support.c.o[0m
[6.209s] [ 21%] [32mBuilding C object CMakeFiles/turtlesim__rosidl_generator_c.dir/rosidl_generator_c/turtlesim/srv/detail/teleport_relative__description.c.o[0m
[6.238s] [ 22%] [32mBuilding C object CMakeFiles/turtlesim__rosidl_generator_c.dir/rosidl_generator_c/turtlesim/srv/detail/teleport_relative__functions.c.o[0m
[6.282s] [ 23%] [32mBuilding C object CMakeFiles/turtlesim__rosidl_generator_c.dir/rosidl_generator_c/turtlesim/srv/detail/teleport_relative__type_support.c.o[0m
[6.361s] [ 24%] [32m[1mLinking C shared library libturtlesim__rosidl_generator_c.so[0m
[6.403s] [ 24%] Built target turtlesim__rosidl_generator_c
[6.418s] [ 26%] [34m[1mGenerating C type support for eProsima Fast-RTPS[0m
[6.419s] [ 26%] [34m[1mGenerating C++ type support dispatch for ROS interfaces[0m
[6.419s] [ 27%] [34m[1mGenerating C introspection for ROS interfaces[0m
[6.419s] [ 28%] [34m[1mGenerating C++ type support for eProsima Fast-RTPS[0m
[7.437s] [ 29%] [32mBuilding CXX object CMakeFiles/turtlesim__rosidl_typesupport_cpp.dir/rosidl_typesupport_cpp/turtlesim/action/rotate_absolute__type_support.cpp.o[0m
[7.968s] [ 30%] [32mBuilding C object CMakeFiles/turtlesim__rosidl_typesupport_introspection_c.dir/rosidl_typesupport_introspection_c/turtlesim/action/detail/rotate_absolute__type_support.c.o[0m
[8.089s] [ 31%] [32mBuilding C object CMakeFiles/turtlesim__rosidl_typesupport_introspection_c.dir/rosidl_typesupport_introspection_c/turtlesim/msg/detail/color__type_support.c.o[0m
[8.150s] [ 31%] [32mBuilding C object CMakeFiles/turtlesim__rosidl_typesupport_introspection_c.dir/rosidl_typesupport_introspection_c/turtlesim/msg/detail/pose__type_support.c.o[0m
[8.210s] [ 32%] [32mBuilding C object CMakeFiles/turtlesim__rosidl_typesupport_introspection_c.dir/rosidl_typesupport_introspection_c/turtlesim/srv/detail/kill__type_support.c.o[0m
[8.290s] [ 33%] [32mBuilding C object CMakeFiles/turtlesim__rosidl_typesupport_introspection_c.dir/rosidl_typesupport_introspection_c/turtlesim/srv/detail/set_pen__type_support.c.o[0m
[8.372s] [ 34%] [32mBuilding C object CMakeFiles/turtlesim__rosidl_typesupport_introspection_c.dir/rosidl_typesupport_introspection_c/turtlesim/srv/detail/spawn__type_support.c.o[0m
[8.456s] [ 35%] [32mBuilding C object CMakeFiles/turtlesim__rosidl_typesupport_introspection_c.dir/rosidl_typesupport_introspection_c/turtlesim/srv/detail/teleport_absolute__type_support.c.o[0m
[8.527s] [ 36%] [32mBuilding C object CMakeFiles/turtlesim__rosidl_typesupport_introspection_c.dir/rosidl_typesupport_introspection_c/turtlesim/srv/detail/teleport_relative__type_support.c.o[0m
[8.603s] [ 37%] [32m[1mLinking C shared library libturtlesim__rosidl_typesupport_introspection_c.so[0m
[8.624s] [ 38%] [32mBuilding CXX object CMakeFiles/turtlesim__rosidl_typesupport_fastrtps_cpp.dir/rosidl_typesupport_fastrtps_cpp/turtlesim/action/detail/dds_fastrtps/rotate_absolute__type_support.cpp.o[0m
[8.650s] [ 38%] Built target turtlesim__rosidl_typesupport_introspection_c
[8.667s] [ 39%] [34m[1mGenerating C type support dispatch for ROS interfaces[0m
[8.819s] [ 40%] [32mBuilding CXX object CMakeFiles/turtlesim__rosidl_typesupport_cpp.dir/rosidl_typesupport_cpp/turtlesim/msg/color__type_support.cpp.o[0m
[8.872s] [ 40%] [32mBuilding CXX object CMakeFiles/turtlesim__rosidl_typesupport_fastrtps_c.dir/rosidl_typesupport_fastrtps_c/turtlesim/action/detail/rotate_absolute__type_support_c.cpp.o[0m
[9.441s] [ 41%] [32mBuilding CXX object CMakeFiles/turtlesim__rosidl_typesupport_cpp.dir/rosidl_typesupport_cpp/turtlesim/msg/pose__type_support.cpp.o[0m
[9.684s] [ 42%] [32mBuilding CXX object CMakeFiles/turtlesim__rosidl_typesupport_c.dir/rosidl_typesupport_c/turtlesim/action/rotate_absolute__type_support.cpp.o[0m
[9.820s] [ 43%] [32mBuilding CXX object CMakeFiles/turtlesim__rosidl_typesupport_c.dir/rosidl_typesupport_c/turtlesim/msg/color__type_support.cpp.o[0m
[9.912s] [ 44%] [32mBuilding CXX object CMakeFiles/turtlesim__rosidl_typesupport_c.dir/rosidl_typesupport_c/turtlesim/msg/pose__type_support.cpp.o[0m
[9.992s] [ 45%] [32mBuilding CXX object CMakeFiles/turtlesim__rosidl_typesupport_c.dir/rosidl_typesupport_c/turtlesim/srv/kill__type_support.cpp.o[0m
[10.057s] [ 46%] [32mBuilding CXX object CMakeFiles/turtlesim__rosidl_typesupport_fastrtps_c.dir/rosidl_typesupport_fastrtps_c/turtlesim/msg/detail/color__type_support_c.cpp.o[0m
[10.084s] [ 47%] [32mBuilding CXX object CMakeFiles/turtlesim__rosidl_typesupport_c.dir/rosidl_typesupport_c/turtlesim/srv/set_pen__type_support.cpp.o[0m
[10.165s] [ 47%] [32mBuilding CXX object CMakeFiles/turtlesim__rosidl_typesupport_c.dir/rosidl_typesupport_c/turtlesim/srv/spawn__type_support.cpp.o[0m
[10.167s] [ 47%] [32mBuilding CXX object CMakeFiles/turtlesim__rosidl_typesupport_cpp.dir/rosidl_typesupport_cpp/turtlesim/srv/kill__type_support.cpp.o[0m
[10.246s] [ 48%] [32mBuilding CXX object CMakeFiles/turtlesim__rosidl_typesupport_c.dir/rosidl_typesupport_c/turtlesim/srv/teleport_absolute__type_support.cpp.o[0m
[10.326s] [ 49%] [32mBuilding CXX object CMakeFiles/turtlesim__rosidl_typesupport_c.dir/rosidl_typesupport_c/turtlesim/srv/teleport_relative__type_support.cpp.o[0m
[10.406s] [ 50%] [32m[1mLinking CXX shared library libturtlesim__rosidl_typesupport_c.so[0m
[10.464s] [ 51%] [32mBuilding CXX object CMakeFiles/turtlesim__rosidl_typesupport_fastrtps_cpp.dir/rosidl_typesupport_fastrtps_cpp/turtlesim/msg/detail/dds_fastrtps/color__type_support.cpp.o[0m
[10.475s] [ 51%] Built target turtlesim__rosidl_typesupport_c
[10.484s] [ 52%] [32mBuilding CXX object CMakeFiles/turtlesim__rosidl_typesupport_cpp.dir/rosidl_typesupport_cpp/turtlesim/srv/set_pen__type_support.cpp.o[0m
[10.905s] [ 53%] [32mBuilding CXX object CMakeFiles/turtlesim__rosidl_typesupport_fastrtps_c.dir/rosidl_typesupport_fastrtps_c/turtlesim/msg/detail/pose__type_support_c.cpp.o[0m
[11.016s] [ 54%] [32mBuilding CXX object CMakeFiles/turtlesim__rosidl_typesupport_fastrtps_cpp.dir/rosidl_typesupport_fastrtps_cpp/turtlesim/msg/detail/dds_fastrtps/pose__type_support.cpp.o[0m
[11.226s] [ 55%] [32mBuilding CXX object CMakeFiles/turtlesim__rosidl_typesupport_cpp.dir/rosidl_typesupport_cpp/turtlesim/srv/spawn__type_support.cpp.o[0m
[11.369s] [ 55%] [34m[1mGenerating C++ introspection for ROS interfaces[0m
[11.775s] [ 56%] [32mBuilding CXX object CMakeFiles/turtlesim__rosidl_typesupport_fastrtps_c.dir/rosidl_typesupport_fastrtps_c/turtlesim/srv/detail/kill__type_support_c.cpp.o[0m
[11.984s] [ 57%] [32mBuilding CXX object CMakeFiles/turtlesim__rosidl_typesupport_cpp.dir/rosidl_typesupport_cpp/turtlesim/srv/teleport_absolute__type_support.cpp.o[0m
[12.024s] [ 58%] [32mBuilding CXX object CMakeFiles/turtlesim__rosidl_typesupport_fastrtps_cpp.dir/rosidl_typesupport_fastrtps_cpp/turtlesim/srv/detail/dds_fastrtps/kill__type_support.cpp.o[0m
[12.848s] [ 59%] [32mBuilding CXX object CMakeFiles/turtlesim__rosidl_typesupport_introspection_cpp.dir/rosidl_typesupport_introspection_cpp/turtlesim/action/detail/rotate_absolute__type_support.cpp.o[0m
[12.858s] [ 60%] [32mBuilding CXX object CMakeFiles/turtlesim__rosidl_typesupport_cpp.dir/rosidl_typesupport_cpp/turtlesim/srv/teleport_relative__type_support.cpp.o[0m
[12.961s] [ 61%] [32mBuilding CXX object CMakeFiles/turtlesim__rosidl_typesupport_fastrtps_c.dir/rosidl_typesupport_fastrtps_c/turtlesim/srv/detail/set_pen__type_support_c.cpp.o[0m
[13.350s] [ 61%] [32mBuilding CXX object CMakeFiles/turtlesim__rosidl_typesupport_fastrtps_cpp.dir/rosidl_typesupport_fastrtps_cpp/turtlesim/srv/detail/dds_fastrtps/set_pen__type_support.cpp.o[0m
[13.655s] [ 62%] [32m[1mLinking CXX shared library libturtlesim__rosidl_typesupport_cpp.so[0m
[13.818s] [ 62%] Built target turtlesim__rosidl_typesupport_cpp
[13.834s] [ 63%] [32mBuilding CXX object CMakeFiles/turtlesim__rosidl_typesupport_introspection_cpp.dir/rosidl_typesupport_introspection_cpp/turtlesim/msg/detail/color__type_support.cpp.o[0m
[14.016s] [ 64%] [32mBuilding CXX object CMakeFiles/turtlesim__rosidl_typesupport_fastrtps_c.dir/rosidl_typesupport_fastrtps_c/turtlesim/srv/detail/spawn__type_support_c.cpp.o[0m
[14.562s] [ 65%] [32mBuilding CXX object CMakeFiles/turtlesim__rosidl_typesupport_fastrtps_cpp.dir/rosidl_typesupport_fastrtps_cpp/turtlesim/srv/detail/dds_fastrtps/spawn__type_support.cpp.o[0m
[14.632s] [ 66%] [32mBuilding CXX object CMakeFiles/turtlesim__rosidl_typesupport_introspection_cpp.dir/rosidl_typesupport_introspection_cpp/turtlesim/msg/detail/pose__type_support.cpp.o[0m
[14.632s] [ 67%] [34m[1mGenerating include/turtlesim/moc_turtle_frame.cpp[0m
[14.742s] [ 68%] [32mBuilding CXX object CMakeFiles/turtlesim_node.dir/src/turtlesim.cpp.o[0m
[15.073s] [ 69%] [32mBuilding CXX object CMakeFiles/turtlesim__rosidl_typesupport_fastrtps_c.dir/rosidl_typesupport_fastrtps_c/turtlesim/srv/detail/teleport_absolute__type_support_c.cpp.o[0m
[15.270s] [ 70%] [32mBuilding CXX object CMakeFiles/turtlesim__rosidl_typesupport_introspection_cpp.dir/rosidl_typesupport_introspection_cpp/turtlesim/srv/detail/kill__type_support.cpp.o[0m
[15.854s] [ 71%] [32mBuilding CXX object CMakeFiles/turtlesim__rosidl_typesupport_fastrtps_cpp.dir/rosidl_typesupport_fastrtps_cpp/turtlesim/srv/detail/dds_fastrtps/teleport_absolute__type_support.cpp.o[0m
[16.055s] [ 71%] [32mBuilding CXX object CMakeFiles/turtlesim__rosidl_typesupport_fastrtps_c.dir/rosidl_typesupport_fastrtps_c/turtlesim/srv/detail/teleport_relative__type_support_c.cpp.o[0m
[16.182s] [ 72%] [32mBuilding CXX object CMakeFiles/turtlesim__rosidl_typesupport_introspection_cpp.dir/rosidl_typesupport_introspection_cpp/turtlesim/srv/detail/set_pen__type_support.cpp.o[0m
[17.045s] [ 73%] [32m[1mLinking CXX shared library libturtlesim__rosidl_typesupport_fastrtps_c.so[0m
[17.178s] [ 74%] [32mBuilding CXX object CMakeFiles/turtlesim__rosidl_typesupport_fastrtps_cpp.dir/rosidl_typesupport_fastrtps_cpp/turtlesim/srv/detail/dds_fastrtps/teleport_relative__type_support.cpp.o[0m
[17.179s] [ 75%] [32mBuilding CXX object CMakeFiles/turtlesim__rosidl_typesupport_introspection_cpp.dir/rosidl_typesupport_introspection_cpp/turtlesim/srv/detail/spawn__type_support.cpp.o[0m
[17.240s] [ 75%] Built target turtlesim__rosidl_typesupport_fastrtps_c
[17.256s] [ 76%] [32mBuilding CXX object CMakeFiles/turtlesim_node.dir/src/turtle.cpp.o[0m
[18.038s] [ 76%] [32mBuilding CXX object CMakeFiles/turtlesim__rosidl_typesupport_introspection_cpp.dir/rosidl_typesupport_introspection_cpp/turtlesim/srv/detail/teleport_absolute__type_support.cpp.o[0m
[18.650s] [ 77%] [32m[1mLinking CXX shared library libturtlesim__rosidl_typesupport_fastrtps_cpp.so[0m
[18.827s] [ 77%] Built target turtlesim__rosidl_typesupport_fastrtps_cpp
[18.840s] [ 78%] [32mBuilding CXX object CMakeFiles/turtlesim_node.dir/src/turtle_frame.cpp.o[0m
[19.001s] [ 79%] [32mBuilding CXX object CMakeFiles/turtlesim__rosidl_typesupport_introspection_cpp.dir/rosidl_typesupport_introspection_cpp/turtlesim/srv/detail/teleport_relative__type_support.cpp.o[0m
[19.849s] [ 80%] [32m[1mLinking CXX shared library libturtlesim__rosidl_typesupport_introspection_cpp.so[0m
[19.992s] [ 80%] Built target turtlesim__rosidl_typesupport_introspection_cpp
[20.006s] [ 80%] [32mBuilding CXX object CMakeFiles/turtlesim_node.dir/include/turtlesim/moc_turtle_frame.cpp.o[0m
[25.037s] [ 81%] [32mBuilding CXX object CMakeFiles/turtle_teleop_key.dir/tutorials/teleop_turtle_key.cpp.o[0m
[28.930s] [ 81%] [32mBuilding CXX object CMakeFiles/draw_square.dir/tutorials/draw_square.cpp.o[0m
[36.370s] [ 82%] [32m[1mLinking CXX executable turtle_teleop_key[0m
[36.977s] [ 82%] Built target turtle_teleop_key
[37.006s] [ 83%] [32mBuilding CXX object CMakeFiles/mimic.dir/tutorials/mimic.cpp.o[0m
[41.405s] [ 84%] [32m[1mLinking CXX executable turtlesim_node[0m
[44.134s] [ 84%] Built target turtlesim_node
[44.162s] [ 84%] Built target turtlesim
[44.193s] [ 84%] [34m[1mGenerating Python code for ROS interfaces[0m
[46.058s] [ 84%] Built target turtlesim__py
[46.081s] [ 86%] [32mBuilding C object CMakeFiles/turtlesim__rosidl_generator_py.dir/rosidl_generator_py/turtlesim/action/_rotate_absolute_s.c.o[0m
[46.081s] [ 86%] [32mBuilding C object CMakeFiles/turtlesim__rosidl_generator_py.dir/rosidl_generator_py/turtlesim/msg/_color_s.c.o[0m
[46.320s] [ 86%] [32mBuilding C object CMakeFiles/turtlesim__rosidl_generator_py.dir/rosidl_generator_py/turtlesim/msg/_pose_s.c.o[0m
[46.479s] [ 87%] [32mBuilding C object CMakeFiles/turtlesim__rosidl_generator_py.dir/rosidl_generator_py/turtlesim/srv/_kill_s.c.o[0m
[46.540s] [ 88%] [32mBuilding C object CMakeFiles/turtlesim__rosidl_generator_py.dir/rosidl_generator_py/turtlesim/srv/_set_pen_s.c.o[0m
[46.679s] [ 89%] [32m[1mLinking CXX executable draw_square[0m
[46.756s] [ 90%] [32mBuilding C object CMakeFiles/turtlesim__rosidl_generator_py.dir/rosidl_generator_py/turtlesim/srv/_spawn_s.c.o[0m
[46.822s] [ 91%] [32mBuilding C object CMakeFiles/turtlesim__rosidl_generator_py.dir/rosidl_generator_py/turtlesim/srv/_teleport_absolute_s.c.o[0m
[47.037s] [ 92%] [32mBuilding C object CMakeFiles/turtlesim__rosidl_generator_py.dir/rosidl_generator_py/turtlesim/srv/_teleport_relative_s.c.o[0m
[47.219s] [ 93%] [32m[1mLinking C shared library libturtlesim__rosidl_generator_py.so[0m
[47.268s] [ 93%] Built target draw_square
[47.270s] [ 93%] Built target turtlesim__rosidl_generator_py
[47.290s] [ 94%] [32mBuilding C object CMakeFiles/turtlesim_s__rosidl_typesupport_fastrtps_c.dir/rosidl_generator_py/turtlesim/_turtlesim_s.ep.rosidl_typesupport_fastrtps_c.c.o[0m
[47.495s] [ 95%] [32m[1mLinking C shared module rosidl_generator_py/turtlesim/turtlesim_s__rosidl_typesupport_fastrtps_c.so[0m
[47.526s] [ 95%] Built target turtlesim_s__rosidl_typesupport_fastrtps_c
[47.546s] [ 96%] [32mBuilding C object CMakeFiles/turtlesim_s__rosidl_typesupport_c.dir/rosidl_generator_py/turtlesim/_turtlesim_s.ep.rosidl_typesupport_c.c.o[0m
[47.741s] [ 97%] [32m[1mLinking C shared module rosidl_generator_py/turtlesim/turtlesim_s__rosidl_typesupport_c.so[0m
[47.773s] [ 97%] Built target turtlesim_s__rosidl_typesupport_c
[47.792s] [ 98%] [32mBuilding C object CMakeFiles/turtlesim_s__rosidl_typesupport_introspection_c.dir/rosidl_generator_py/turtlesim/_turtlesim_s.ep.rosidl_typesupport_introspection_c.c.o[0m
[47.991s] [ 99%] [32m[1mLinking C shared module rosidl_generator_py/turtlesim/turtlesim_s__rosidl_typesupport_introspection_c.so[0m
[48.022s] [ 99%] Built target turtlesim_s__rosidl_typesupport_introspection_c
[50.355s] [100%] [32m[1mLinking CXX executable mimic[0m
[50.666s] [100%] Built target mimic
[50.679s] Invoked command in '/home/dangthehung/ros2_ws/build/turtlesim' returned '0': CMAKE_PREFIX_PATH=${CMAKE_PREFIX_PATH}:/opt/ros/jazzy DEBUGINFOD_URLS=https://debuginfod.ubuntu.com /usr/bin/cmake --build /home/dangthehung/ros2_ws/build/turtlesim -- -j4 -l4
[50.865s] Invoking command in '/home/dangthehung/ros2_ws/build/turtlesim': CMAKE_PREFIX_PATH=${CMAKE_PREFIX_PATH}:/opt/ros/jazzy DEBUGINFOD_URLS=https://debuginfod.ubuntu.com /usr/bin/cmake --install /home/dangthehung/ros2_ws/build/turtlesim
[50.874s] -- Install configuration: ""
[50.874s] -- Installing: /home/dangthehung/ros2_ws/install/turtlesim/share/ament_index/resource_index/rosidl_interfaces/turtlesim
[50.874s] -- Installing: /home/dangthehung/ros2_ws/install/turtlesim/share/turtlesim/action/RotateAbsolute.json
[50.874s] -- Installing: /home/dangthehung/ros2_ws/install/turtlesim/share/turtlesim/msg/Color.json
[50.874s] -- Installing: /home/dangthehung/ros2_ws/install/turtlesim/share/turtlesim/msg/Pose.json
[50.874s] -- Installing: /home/dangthehung/ros2_ws/install/turtlesim/share/turtlesim/srv/Kill.json
[50.875s] -- Installing: /home/dangthehung/ros2_ws/install/turtlesim/share/turtlesim/srv/SetPen.json
[50.875s] -- Installing: /home/dangthehung/ros2_ws/install/turtlesim/share/turtlesim/srv/Spawn.json
[50.875s] -- Installing: /home/dangthehung/ros2_ws/install/turtlesim/share/turtlesim/srv/TeleportAbsolute.json
[50.875s] -- Installing: /home/dangthehung/ros2_ws/install/turtlesim/share/turtlesim/srv/TeleportRelative.json
[50.875s] -- Installing: /home/dangthehung/ros2_ws/install/turtlesim/include/turtlesim/turtlesim
[50.875s] -- Installing: /home/dangthehung/ros2_ws/install/turtlesim/include/turtlesim/turtlesim/msg
[50.875s] -- Installing: /home/dangthehung/ros2_ws/install/turtlesim/include/turtlesim/turtlesim/msg/color.h
[50.875s] -- Installing: /home/dangthehung/ros2_ws/install/turtlesim/include/turtlesim/turtlesim/msg/rosidl_generator_c__visibility_control.h
[50.875s] -- Installing: /home/dangthehung/ros2_ws/install/turtlesim/include/turtlesim/turtlesim/msg/pose.h
[50.876s] -- Installing: /home/dangthehung/ros2_ws/install/turtlesim/include/turtlesim/turtlesim/msg/detail
[50.876s] -- Installing: /home/dangthehung/ros2_ws/install/turtlesim/include/turtlesim/turtlesim/msg/detail/color__functions.c
[50.876s] -- Installing: /home/dangthehung/ros2_ws/install/turtlesim/include/turtlesim/turtlesim/msg/detail/color__description.c
[50.876s] -- Installing: /home/dangthehung/ros2_ws/install/turtlesim/include/turtlesim/turtlesim/msg/detail/pose__type_support.h
[50.876s] -- Installing: /home/dangthehung/ros2_ws/install/turtlesim/include/turtlesim/turtlesim/msg/detail/pose__type_support.c
[50.876s] -- Installing: /home/dangthehung/ros2_ws/install/turtlesim/include/turtlesim/turtlesim/msg/detail/color__struct.h
[50.876s] -- Installing: /home/dangthehung/ros2_ws/install/turtlesim/include/turtlesim/turtlesim/msg/detail/color__type_support.c
[50.876s] -- Installing: /home/dangthehung/ros2_ws/install/turtlesim/include/turtlesim/turtlesim/msg/detail/color__type_support.h
[50.876s] -- Installing: /home/dangthehung/ros2_ws/install/turtlesim/include/turtlesim/turtlesim/msg/detail/color__functions.h
[50.876s] -- Installing: /home/dangthehung/ros2_ws/install/turtlesim/include/turtlesim/turtlesim/msg/detail/pose__functions.c
[50.876s] -- Installing: /home/dangthehung/ros2_ws/install/turtlesim/include/turtlesim/turtlesim/msg/detail/pose__struct.h
[50.877s] -- Installing: /home/dangthehung/ros2_ws/install/turtlesim/include/turtlesim/turtlesim/msg/detail/pose__functions.h
[50.877s] -- Installing: /home/dangthehung/ros2_ws/install/turtlesim/include/turtlesim/turtlesim/msg/detail/pose__description.c
[50.877s] -- Installing: /home/dangthehung/ros2_ws/install/turtlesim/include/turtlesim/turtlesim/srv
[50.877s] -- Installing: /home/dangthehung/ros2_ws/install/turtlesim/include/turtlesim/turtlesim/srv/teleport_absolute.h
[50.877s] -- Installing: /home/dangthehung/ros2_ws/install/turtlesim/include/turtlesim/turtlesim/srv/kill.h
[50.877s] -- Installing: /home/dangthehung/ros2_ws/install/turtlesim/include/turtlesim/turtlesim/srv/set_pen.h
[50.877s] -- Installing: /home/dangthehung/ros2_ws/install/turtlesim/include/turtlesim/turtlesim/srv/teleport_relative.h
[50.877s] -- Installing: /home/dangthehung/ros2_ws/install/turtlesim/include/turtlesim/turtlesim/srv/spawn.h
[50.877s] -- Installing: /home/dangthehung/ros2_ws/install/turtlesim/include/turtlesim/turtlesim/srv/detail
[50.877s] -- Installing: /home/dangthehung/ros2_ws/install/turtlesim/include/turtlesim/turtlesim/srv/detail/kill__struct.h
[50.877s] -- Installing: /home/dangthehung/ros2_ws/install/turtlesim/include/turtlesim/turtlesim/srv/detail/kill__type_support.c
[50.878s] -- Installing: /home/dangthehung/ros2_ws/install/turtlesim/include/turtlesim/turtlesim/srv/detail/teleport_absolute__description.c
[50.878s] -- Installing: /home/dangthehung/ros2_ws/install/turtlesim/include/turtlesim/turtlesim/srv/detail/kill__functions.h
[50.878s] -- Installing: /home/dangthehung/ros2_ws/install/turtlesim/include/turtlesim/turtlesim/srv/detail/teleport_relative__description.c
[50.878s] -- Installing: /home/dangthehung/ros2_ws/install/turtlesim/include/turtlesim/turtlesim/srv/detail/kill__description.c
[50.878s] -- Installing: /home/dangthehung/ros2_ws/install/turtlesim/include/turtlesim/turtlesim/srv/detail/spawn__type_support.c
[50.878s] -- Installing: /home/dangthehung/ros2_ws/install/turtlesim/include/turtlesim/turtlesim/srv/detail/spawn__type_support.h
[50.878s] -- Installing: /home/dangthehung/ros2_ws/install/turtlesim/include/turtlesim/turtlesim/srv/detail/set_pen__type_support.h
[50.878s] -- Installing: /home/dangthehung/ros2_ws/install/turtlesim/include/turtlesim/turtlesim/srv/detail/teleport_absolute__functions.c
[50.878s] -- Installing: /home/dangthehung/ros2_ws/install/turtlesim/include/turtlesim/turtlesim/srv/detail/set_pen__struct.h
[50.878s] -- Installing: /home/dangthehung/ros2_ws/install/turtlesim/include/turtlesim/turtlesim/srv/detail/spawn__description.c
[50.878s] -- Installing: /home/dangthehung/ros2_ws/install/turtlesim/include/turtlesim/turtlesim/srv/detail/teleport_relative__type_support.h
[50.878s] -- Installing: /home/dangthehung/ros2_ws/install/turtlesim/include/turtlesim/turtlesim/srv/detail/set_pen__functions.c
[50.879s] -- Installing: /home/dangthehung/ros2_ws/install/turtlesim/include/turtlesim/turtlesim/srv/detail/kill__type_support.h
[50.879s] -- Installing: /home/dangthehung/ros2_ws/install/turtlesim/include/turtlesim/turtlesim/srv/detail/teleport_absolute__struct.h
[50.879s] -- Installing: /home/dangthehung/ros2_ws/install/turtlesim/include/turtlesim/turtlesim/srv/detail/teleport_relative__struct.h
[50.879s] -- Installing: /home/dangthehung/ros2_ws/install/turtlesim/include/turtlesim/turtlesim/srv/detail/spawn__functions.c
[50.879s] -- Installing: /home/dangthehung/ros2_ws/install/turtlesim/include/turtlesim/turtlesim/srv/detail/set_pen__description.c
[50.879s] -- Installing: /home/dangthehung/ros2_ws/install/turtlesim/include/turtlesim/turtlesim/srv/detail/kill__functions.c
[50.879s] -- Installing: /home/dangthehung/ros2_ws/install/turtlesim/include/turtlesim/turtlesim/srv/detail/teleport_absolute__functions.h
[50.879s] -- Installing: /home/dangthehung/ros2_ws/install/turtlesim/include/turtlesim/turtlesim/srv/detail/set_pen__functions.h
[50.879s] -- Installing: /home/dangthehung/ros2_ws/install/turtlesim/include/turtlesim/turtlesim/srv/detail/teleport_absolute__type_support.c
[50.879s] -- Installing: /home/dangthehung/ros2_ws/install/turtlesim/include/turtlesim/turtlesim/srv/detail/set_pen__type_support.c
[50.879s] -- Installing: /home/dangthehung/ros2_ws/install/turtlesim/include/turtlesim/turtlesim/srv/detail/teleport_relative__functions.c
[50.879s] -- Installing: /home/dangthehung/ros2_ws/install/turtlesim/include/turtlesim/turtlesim/srv/detail/teleport_relative__functions.h
[50.880s] -- Installing: /home/dangthehung/ros2_ws/install/turtlesim/include/turtlesim/turtlesim/srv/detail/spawn__struct.h
[50.880s] -- Installing: /home/dangthehung/ros2_ws/install/turtlesim/include/turtlesim/turtlesim/srv/detail/teleport_relative__type_support.c
[50.880s] -- Installing: /home/dangthehung/ros2_ws/install/turtlesim/include/turtlesim/turtlesim/srv/detail/spawn__functions.h
[50.880s] -- Installing: /home/dangthehung/ros2_ws/install/turtlesim/include/turtlesim/turtlesim/srv/detail/teleport_absolute__type_support.h
[50.880s] -- Installing: /home/dangthehung/ros2_ws/install/turtlesim/include/turtlesim/turtlesim/action
[50.880s] -- Installing: /home/dangthehung/ros2_ws/install/turtlesim/include/turtlesim/turtlesim/action/rotate_absolute.h
[50.880s] -- Installing: /home/dangthehung/ros2_ws/install/turtlesim/include/turtlesim/turtlesim/action/detail
[50.880s] -- Installing: /home/dangthehung/ros2_ws/install/turtlesim/include/turtlesim/turtlesim/action/detail/rotate_absolute__type_support.c
[50.880s] -- Installing: /home/dangthehung/ros2_ws/install/turtlesim/include/turtlesim/turtlesim/action/detail/rotate_absolute__functions.h
[50.880s] -- Installing: /home/dangthehung/ros2_ws/install/turtlesim/include/turtlesim/turtlesim/action/detail/rotate_absolute__functions.c
[50.880s] -- Installing: /home/dangthehung/ros2_ws/install/turtlesim/include/turtlesim/turtlesim/action/detail/rotate_absolute__description.c
[50.881s] -- Installing: /home/dangthehung/ros2_ws/install/turtlesim/include/turtlesim/turtlesim/action/detail/rotate_absolute__type_support.h
[50.881s] -- Installing: /home/dangthehung/ros2_ws/install/turtlesim/include/turtlesim/turtlesim/action/detail/rotate_absolute__struct.h
[50.881s] -- Installing: /home/dangthehung/ros2_ws/install/turtlesim/share/turtlesim/environment/library_path.sh
[50.881s] -- Installing: /home/dangthehung/ros2_ws/install/turtlesim/share/turtlesim/environment/library_path.dsv
[50.881s] -- Installing: /home/dangthehung/ros2_ws/install/turtlesim/lib/libturtlesim__rosidl_generator_c.so
[50.882s] -- Set non-toolchain portion of runtime path of "/home/dangthehung/ros2_ws/install/turtlesim/lib/libturtlesim__rosidl_generator_c.so" to ""
[50.882s] -- Up-to-date: /home/dangthehung/ros2_ws/install/turtlesim/include/turtlesim/turtlesim
[50.882s] -- Up-to-date: /home/dangthehung/ros2_ws/install/turtlesim/include/turtlesim/turtlesim/msg
[50.882s] -- Installing: /home/dangthehung/ros2_ws/install/turtlesim/include/turtlesim/turtlesim/msg/rosidl_typesupport_fastrtps_c__visibility_control.h
[50.882s] -- Up-to-date: /home/dangthehung/ros2_ws/install/turtlesim/include/turtlesim/turtlesim/msg/detail
[50.882s] -- Installing: /home/dangthehung/ros2_ws/install/turtlesim/include/turtlesim/turtlesim/msg/detail/color__rosidl_typesupport_fastrtps_c.h
[50.882s] -- Installing: /home/dangthehung/ros2_ws/install/turtlesim/include/turtlesim/turtlesim/msg/detail/pose__rosidl_typesupport_fastrtps_c.h
[50.883s] -- Up-to-date: /home/dangthehung/ros2_ws/install/turtlesim/include/turtlesim/turtlesim/srv
[50.883s] -- Up-to-date: /home/dangthehung/ros2_ws/install/turtlesim/include/turtlesim/turtlesim/srv/detail
[50.883s] -- Installing: /home/dangthehung/ros2_ws/install/turtlesim/include/turtlesim/turtlesim/srv/detail/kill__rosidl_typesupport_fastrtps_c.h
[50.883s] -- Installing: /home/dangthehung/ros2_ws/install/turtlesim/include/turtlesim/turtlesim/srv/detail/teleport_relative__rosidl_typesupport_fastrtps_c.h
[50.883s] -- Installing: /home/dangthehung/ros2_ws/install/turtlesim/include/turtlesim/turtlesim/srv/detail/teleport_absolute__rosidl_typesupport_fastrtps_c.h
[50.883s] -- Installing: /home/dangthehung/ros2_ws/install/turtlesim/include/turtlesim/turtlesim/srv/detail/set_pen__rosidl_typesupport_fastrtps_c.h
[50.883s] -- Installing: /home/dangthehung/ros2_ws/install/turtlesim/include/turtlesim/turtlesim/srv/detail/spawn__rosidl_typesupport_fastrtps_c.h
[50.883s] -- Up-to-date: /home/dangthehung/ros2_ws/install/turtlesim/include/turtlesim/turtlesim/action
[50.883s] -- Up-to-date: /home/dangthehung/ros2_ws/install/turtlesim/include/turtlesim/turtlesim/action/detail
[50.883s] -- Installing: /home/dangthehung/ros2_ws/install/turtlesim/include/turtlesim/turtlesim/action/detail/rotate_absolute__rosidl_typesupport_fastrtps_c.h
[50.883s] -- Installing: /home/dangthehung/ros2_ws/install/turtlesim/lib/libturtlesim__rosidl_typesupport_fastrtps_c.so
[50.883s] -- Set non-toolchain portion of runtime path of "/home/dangthehung/ros2_ws/install/turtlesim/lib/libturtlesim__rosidl_typesupport_fastrtps_c.so" to ""
[50.884s] -- Up-to-date: /home/dangthehung/ros2_ws/install/turtlesim/include/turtlesim/turtlesim
[50.884s] -- Up-to-date: /home/dangthehung/ros2_ws/install/turtlesim/include/turtlesim/turtlesim/msg
[50.884s] -- Installing: /home/dangthehung/ros2_ws/install/turtlesim/include/turtlesim/turtlesim/msg/pose.hpp
[50.884s] -- Installing: /home/dangthehung/ros2_ws/install/turtlesim/include/turtlesim/turtlesim/msg/rosidl_generator_cpp__visibility_control.hpp
[50.884s] -- Installing: /home/dangthehung/ros2_ws/install/turtlesim/include/turtlesim/turtlesim/msg/color.hpp
[50.884s] -- Up-to-date: /home/dangthehung/ros2_ws/install/turtlesim/include/turtlesim/turtlesim/msg/detail
[50.884s] -- Installing: /home/dangthehung/ros2_ws/install/turtlesim/include/turtlesim/turtlesim/msg/detail/pose__builder.hpp
[50.884s] -- Installing: /home/dangthehung/ros2_ws/install/turtlesim/include/turtlesim/turtlesim/msg/detail/pose__struct.hpp
[50.884s] -- Installing: /home/dangthehung/ros2_ws/install/turtlesim/include/turtlesim/turtlesim/msg/detail/pose__type_support.hpp
[50.884s] -- Installing: /home/dangthehung/ros2_ws/install/turtlesim/include/turtlesim/turtlesim/msg/detail/pose__traits.hpp
[50.884s] -- Installing: /home/dangthehung/ros2_ws/install/turtlesim/include/turtlesim/turtlesim/msg/detail/color__traits.hpp
[50.884s] -- Installing: /home/dangthehung/ros2_ws/install/turtlesim/include/turtlesim/turtlesim/msg/detail/color__type_support.hpp
[50.885s] -- Installing: /home/dangthehung/ros2_ws/install/turtlesim/include/turtlesim/turtlesim/msg/detail/color__struct.hpp
[50.885s] -- Installing: /home/dangthehung/ros2_ws/install/turtlesim/include/turtlesim/turtlesim/msg/detail/color__builder.hpp
[50.885s] -- Up-to-date: /home/dangthehung/ros2_ws/install/turtlesim/include/turtlesim/turtlesim/srv
[50.885s] -- Installing: /home/dangthehung/ros2_ws/install/turtlesim/include/turtlesim/turtlesim/srv/kill.hpp
[50.885s] -- Installing: /home/dangthehung/ros2_ws/install/turtlesim/include/turtlesim/turtlesim/srv/teleport_relative.hpp
[50.885s] -- Installing: /home/dangthehung/ros2_ws/install/turtlesim/include/turtlesim/turtlesim/srv/spawn.hpp
[50.885s] -- Installing: /home/dangthehung/ros2_ws/install/turtlesim/include/turtlesim/turtlesim/srv/teleport_absolute.hpp
[50.885s] -- Up-to-date: /home/dangthehung/ros2_ws/install/turtlesim/include/turtlesim/turtlesim/srv/detail
[50.885s] -- Installing: /home/dangthehung/ros2_ws/install/turtlesim/include/turtlesim/turtlesim/srv/detail/spawn__type_support.hpp
[50.885s] -- Installing: /home/dangthehung/ros2_ws/install/turtlesim/include/turtlesim/turtlesim/srv/detail/set_pen__struct.hpp
[50.885s] -- Installing: /home/dangthehung/ros2_ws/install/turtlesim/include/turtlesim/turtlesim/srv/detail/teleport_absolute__traits.hpp
[50.885s] -- Installing: /home/dangthehung/ros2_ws/install/turtlesim/include/turtlesim/turtlesim/srv/detail/teleport_relative__traits.hpp
[50.886s] -- Installing: /home/dangthehung/ros2_ws/install/turtlesim/include/turtlesim/turtlesim/srv/detail/set_pen__type_support.hpp
[50.886s] -- Installing: /home/dangthehung/ros2_ws/install/turtlesim/include/turtlesim/turtlesim/srv/detail/spawn__builder.hpp
[50.886s] -- Installing: /home/dangthehung/ros2_ws/install/turtlesim/include/turtlesim/turtlesim/srv/detail/kill__type_support.hpp
[50.886s] -- Installing: /home/dangthehung/ros2_ws/install/turtlesim/include/turtlesim/turtlesim/srv/detail/kill__struct.hpp
[50.886s] -- Installing: /home/dangthehung/ros2_ws/install/turtlesim/include/turtlesim/turtlesim/srv/detail/teleport_absolute__builder.hpp
[50.886s] -- Installing: /home/dangthehung/ros2_ws/install/turtlesim/include/turtlesim/turtlesim/srv/detail/teleport_absolute__type_support.hpp
[50.886s] -- Installing: /home/dangthehung/ros2_ws/install/turtlesim/include/turtlesim/turtlesim/srv/detail/set_pen__traits.hpp
[50.886s] -- Installing: /home/dangthehung/ros2_ws/install/turtlesim/include/turtlesim/turtlesim/srv/detail/teleport_absolute__struct.hpp
[50.886s] -- Installing: /home/dangthehung/ros2_ws/install/turtlesim/include/turtlesim/turtlesim/srv/detail/teleport_relative__builder.hpp
[50.886s] -- Installing: /home/dangthehung/ros2_ws/install/turtlesim/include/turtlesim/turtlesim/srv/detail/kill__builder.hpp
[50.886s] -- Installing: /home/dangthehung/ros2_ws/install/turtlesim/include/turtlesim/turtlesim/srv/detail/teleport_relative__struct.hpp
[50.886s] -- Installing: /home/dangthehung/ros2_ws/install/turtlesim/include/turtlesim/turtlesim/srv/detail/set_pen__builder.hpp
[50.887s] -- Installing: /home/dangthehung/ros2_ws/install/turtlesim/include/turtlesim/turtlesim/srv/detail/spawn__traits.hpp
[50.887s] -- Installing: /home/dangthehung/ros2_ws/install/turtlesim/include/turtlesim/turtlesim/srv/detail/teleport_relative__type_support.hpp
[50.887s] -- Installing: /home/dangthehung/ros2_ws/install/turtlesim/include/turtlesim/turtlesim/srv/detail/spawn__struct.hpp
[50.887s] -- Installing: /home/dangthehung/ros2_ws/install/turtlesim/include/turtlesim/turtlesim/srv/detail/kill__traits.hpp
[50.887s] -- Installing: /home/dangthehung/ros2_ws/install/turtlesim/include/turtlesim/turtlesim/srv/set_pen.hpp
[50.887s] -- Up-to-date: /home/dangthehung/ros2_ws/install/turtlesim/include/turtlesim/turtlesim/action
[50.887s] -- Up-to-date: /home/dangthehung/ros2_ws/install/turtlesim/include/turtlesim/turtlesim/action/detail
[50.887s] -- Installing: /home/dangthehung/ros2_ws/install/turtlesim/include/turtlesim/turtlesim/action/detail/rotate_absolute__struct.hpp
[50.887s] -- Installing: /home/dangthehung/ros2_ws/install/turtlesim/include/turtlesim/turtlesim/action/detail/rotate_absolute__traits.hpp
[50.887s] -- Installing: /home/dangthehung/ros2_ws/install/turtlesim/include/turtlesim/turtlesim/action/detail/rotate_absolute__type_support.hpp
[50.887s] -- Installing: /home/dangthehung/ros2_ws/install/turtlesim/include/turtlesim/turtlesim/action/detail/rotate_absolute__builder.hpp
[50.888s] -- Installing: /home/dangthehung/ros2_ws/install/turtlesim/include/turtlesim/turtlesim/action/rotate_absolute.hpp
[50.888s] -- Up-to-date: /home/dangthehung/ros2_ws/install/turtlesim/include/turtlesim/turtlesim
[50.888s] -- Up-to-date: /home/dangthehung/ros2_ws/install/turtlesim/include/turtlesim/turtlesim/msg
[50.888s] -- Up-to-date: /home/dangthehung/ros2_ws/install/turtlesim/include/turtlesim/turtlesim/msg/detail
[50.888s] -- Installing: /home/dangthehung/ros2_ws/install/turtlesim/include/turtlesim/turtlesim/msg/detail/color__rosidl_typesupport_fastrtps_cpp.hpp
[50.888s] -- Installing: /home/dangthehung/ros2_ws/install/turtlesim/include/turtlesim/turtlesim/msg/detail/dds_fastrtps
[50.888s] -- Installing: /home/dangthehung/ros2_ws/install/turtlesim/include/turtlesim/turtlesim/msg/detail/pose__rosidl_typesupport_fastrtps_cpp.hpp
[50.888s] -- Installing: /home/dangthehung/ros2_ws/install/turtlesim/include/turtlesim/turtlesim/msg/rosidl_typesupport_fastrtps_cpp__visibility_control.h
[50.888s] -- Up-to-date: /home/dangthehung/ros2_ws/install/turtlesim/include/turtlesim/turtlesim/srv
[50.888s] -- Up-to-date: /home/dangthehung/ros2_ws/install/turtlesim/include/turtlesim/turtlesim/srv/detail
[50.888s] -- Installing: /home/dangthehung/ros2_ws/install/turtlesim/include/turtlesim/turtlesim/srv/detail/dds_fastrtps
[50.888s] -- Installing: /home/dangthehung/ros2_ws/install/turtlesim/include/turtlesim/turtlesim/srv/detail/kill__rosidl_typesupport_fastrtps_cpp.hpp
[50.889s] -- Installing: /home/dangthehung/ros2_ws/install/turtlesim/include/turtlesim/turtlesim/srv/detail/teleport_absolute__rosidl_typesupport_fastrtps_cpp.hpp
[50.889s] -- Installing: /home/dangthehung/ros2_ws/install/turtlesim/include/turtlesim/turtlesim/srv/detail/spawn__rosidl_typesupport_fastrtps_cpp.hpp
[50.889s] -- Installing: /home/dangthehung/ros2_ws/install/turtlesim/include/turtlesim/turtlesim/srv/detail/teleport_relative__rosidl_typesupport_fastrtps_cpp.hpp
[50.889s] -- Installing: /home/dangthehung/ros2_ws/install/turtlesim/include/turtlesim/turtlesim/srv/detail/set_pen__rosidl_typesupport_fastrtps_cpp.hpp
[50.889s] -- Up-to-date: /home/dangthehung/ros2_ws/install/turtlesim/include/turtlesim/turtlesim/action
[50.889s] -- Up-to-date: /home/dangthehung/ros2_ws/install/turtlesim/include/turtlesim/turtlesim/action/detail
[50.889s] -- Installing: /home/dangthehung/ros2_ws/install/turtlesim/include/turtlesim/turtlesim/action/detail/dds_fastrtps
[50.889s] -- Installing: /home/dangthehung/ros2_ws/install/turtlesim/include/turtlesim/turtlesim/action/detail/rotate_absolute__rosidl_typesupport_fastrtps_cpp.hpp
[50.889s] -- Installing: /home/dangthehung/ros2_ws/install/turtlesim/lib/libturtlesim__rosidl_typesupport_fastrtps_cpp.so
[50.890s] -- Set non-toolchain portion of runtime path of "/home/dangthehung/ros2_ws/install/turtlesim/lib/libturtlesim__rosidl_typesupport_fastrtps_cpp.so" to ""
[50.890s] -- Up-to-date: /home/dangthehung/ros2_ws/install/turtlesim/include/turtlesim/turtlesim
[50.890s] -- Up-to-date: /home/dangthehung/ros2_ws/install/turtlesim/include/turtlesim/turtlesim/msg
[50.890s] -- Installing: /home/dangthehung/ros2_ws/install/turtlesim/include/turtlesim/turtlesim/msg/rosidl_typesupport_introspection_c__visibility_control.h
[50.890s] -- Up-to-date: /home/dangthehung/ros2_ws/install/turtlesim/include/turtlesim/turtlesim/msg/detail
[50.890s] -- Installing: /home/dangthehung/ros2_ws/install/turtlesim/include/turtlesim/turtlesim/msg/detail/pose__type_support.c
[50.890s] -- Installing: /home/dangthehung/ros2_ws/install/turtlesim/include/turtlesim/turtlesim/msg/detail/color__type_support.c
[50.890s] -- Installing: /home/dangthehung/ros2_ws/install/turtlesim/include/turtlesim/turtlesim/msg/detail/pose__rosidl_typesupport_introspection_c.h
[50.890s] -- Installing: /home/dangthehung/ros2_ws/install/turtlesim/include/turtlesim/turtlesim/msg/detail/color__rosidl_typesupport_introspection_c.h
[50.890s] -- Up-to-date: /home/dangthehung/ros2_ws/install/turtlesim/include/turtlesim/turtlesim/srv
[50.891s] -- Up-to-date: /home/dangthehung/ros2_ws/install/turtlesim/include/turtlesim/turtlesim/srv/detail
[50.891s] -- Installing: /home/dangthehung/ros2_ws/install/turtlesim/include/turtlesim/turtlesim/srv/detail/set_pen__rosidl_typesupport_introspection_c.h
[50.891s] -- Installing: /home/dangthehung/ros2_ws/install/turtlesim/include/turtlesim/turtlesim/srv/detail/teleport_relative__rosidl_typesupport_introspection_c.h
[50.891s] -- Installing: /home/dangthehung/ros2_ws/install/turtlesim/include/turtlesim/turtlesim/srv/detail/kill__type_support.c
[50.891s] -- Installing: /home/dangthehung/ros2_ws/install/turtlesim/include/turtlesim/turtlesim/srv/detail/spawn__type_support.c
[50.891s] -- Installing: /home/dangthehung/ros2_ws/install/turtlesim/include/turtlesim/turtlesim/srv/detail/kill__rosidl_typesupport_introspection_c.h
[50.891s] -- Installing: /home/dangthehung/ros2_ws/install/turtlesim/include/turtlesim/turtlesim/srv/detail/teleport_absolute__type_support.c
[50.891s] -- Installing: /home/dangthehung/ros2_ws/install/turtlesim/include/turtlesim/turtlesim/srv/detail/teleport_absolute__rosidl_typesupport_introspection_c.h
[50.891s] -- Installing: /home/dangthehung/ros2_ws/install/turtlesim/include/turtlesim/turtlesim/srv/detail/set_pen__type_support.c
[50.891s] -- Installing: /home/dangthehung/ros2_ws/install/turtlesim/include/turtlesim/turtlesim/srv/detail/spawn__rosidl_typesupport_introspection_c.h
[50.891s] -- Installing: /home/dangthehung/ros2_ws/install/turtlesim/include/turtlesim/turtlesim/srv/detail/teleport_relative__type_support.c
[50.891s] -- Up-to-date: /home/dangthehung/ros2_ws/install/turtlesim/include/turtlesim/turtlesim/action
[50.892s] -- Up-to-date: /home/dangthehung/ros2_ws/install/turtlesim/include/turtlesim/turtlesim/action/detail
[50.892s] -- Installing: /home/dangthehung/ros2_ws/install/turtlesim/include/turtlesim/turtlesim/action/detail/rotate_absolute__type_support.c
[50.892s] -- Installing: /home/dangthehung/ros2_ws/install/turtlesim/include/turtlesim/turtlesim/action/detail/rotate_absolute__rosidl_typesupport_introspection_c.h
[50.892s] -- Installing: /home/dangthehung/ros2_ws/install/turtlesim/lib/libturtlesim__rosidl_typesupport_introspection_c.so
[50.892s] -- Set non-toolchain portion of runtime path of "/home/dangthehung/ros2_ws/install/turtlesim/lib/libturtlesim__rosidl_typesupport_introspection_c.so" to ""
[50.892s] -- Installing: /home/dangthehung/ros2_ws/install/turtlesim/lib/libturtlesim__rosidl_typesupport_c.so
[50.892s] -- Set non-toolchain portion of runtime path of "/home/dangthehung/ros2_ws/install/turtlesim/lib/libturtlesim__rosidl_typesupport_c.so" to ""
[50.893s] -- Up-to-date: /home/dangthehung/ros2_ws/install/turtlesim/include/turtlesim/turtlesim
[50.893s] -- Up-to-date: /home/dangthehung/ros2_ws/install/turtlesim/include/turtlesim/turtlesim/msg
[50.893s] -- Up-to-date: /home/dangthehung/ros2_ws/install/turtlesim/include/turtlesim/turtlesim/msg/detail
[50.893s] -- Installing: /home/dangthehung/ros2_ws/install/turtlesim/include/turtlesim/turtlesim/msg/detail/pose__rosidl_typesupport_introspection_cpp.hpp
[50.893s] -- Installing: /home/dangthehung/ros2_ws/install/turtlesim/include/turtlesim/turtlesim/msg/detail/pose__type_support.cpp
[50.893s] -- Installing: /home/dangthehung/ros2_ws/install/turtlesim/include/turtlesim/turtlesim/msg/detail/color__type_support.cpp
[50.893s] -- Installing: /home/dangthehung/ros2_ws/install/turtlesim/include/turtlesim/turtlesim/msg/detail/color__rosidl_typesupport_introspection_cpp.hpp
[50.893s] -- Up-to-date: /home/dangthehung/ros2_ws/install/turtlesim/include/turtlesim/turtlesim/srv
[50.893s] -- Up-to-date: /home/dangthehung/ros2_ws/install/turtlesim/include/turtlesim/turtlesim/srv/detail
[50.893s] -- Installing: /home/dangthehung/ros2_ws/install/turtlesim/include/turtlesim/turtlesim/srv/detail/teleport_absolute__type_support.cpp
[50.893s] -- Installing: /home/dangthehung/ros2_ws/install/turtlesim/include/turtlesim/turtlesim/srv/detail/kill__type_support.cpp
[50.893s] -- Installing: /home/dangthehung/ros2_ws/install/turtlesim/include/turtlesim/turtlesim/srv/detail/kill__rosidl_typesupport_introspection_cpp.hpp
[50.894s] -- Installing: /home/dangthehung/ros2_ws/install/turtlesim/include/turtlesim/turtlesim/srv/detail/teleport_relative__type_support.cpp
[50.894s] -- Installing: /home/dangthehung/ros2_ws/install/turtlesim/include/turtlesim/turtlesim/srv/detail/spawn__type_support.cpp
[50.894s] -- Installing: /home/dangthehung/ros2_ws/install/turtlesim/include/turtlesim/turtlesim/srv/detail/set_pen__type_support.cpp
[50.894s] -- Installing: /home/dangthehung/ros2_ws/install/turtlesim/include/turtlesim/turtlesim/srv/detail/spawn__rosidl_typesupport_introspection_cpp.hpp
[50.894s] -- Installing: /home/dangthehung/ros2_ws/install/turtlesim/include/turtlesim/turtlesim/srv/detail/set_pen__rosidl_typesupport_introspection_cpp.hpp
[50.894s] -- Installing: /home/dangthehung/ros2_ws/install/turtlesim/include/turtlesim/turtlesim/srv/detail/teleport_absolute__rosidl_typesupport_introspection_cpp.hpp
[50.894s] -- Installing: /home/dangthehung/ros2_ws/install/turtlesim/include/turtlesim/turtlesim/srv/detail/teleport_relative__rosidl_typesupport_introspection_cpp.hpp
[50.894s] -- Up-to-date: /home/dangthehung/ros2_ws/install/turtlesim/include/turtlesim/turtlesim/action
[50.894s] -- Up-to-date: /home/dangthehung/ros2_ws/install/turtlesim/include/turtlesim/turtlesim/action/detail
[50.894s] -- Installing: /home/dangthehung/ros2_ws/install/turtlesim/include/turtlesim/turtlesim/action/detail/rotate_absolute__rosidl_typesupport_introspection_cpp.hpp
[50.894s] -- Installing: /home/dangthehung/ros2_ws/install/turtlesim/include/turtlesim/turtlesim/action/detail/rotate_absolute__type_support.cpp
[50.894s] -- Installing: /home/dangthehung/ros2_ws/install/turtlesim/lib/libturtlesim__rosidl_typesupport_introspection_cpp.so
[50.895s] -- Set non-toolchain portion of runtime path of "/home/dangthehung/ros2_ws/install/turtlesim/lib/libturtlesim__rosidl_typesupport_introspection_cpp.so" to ""
[50.895s] -- Installing: /home/dangthehung/ros2_ws/install/turtlesim/lib/libturtlesim__rosidl_typesupport_cpp.so
[50.896s] -- Set non-toolchain portion of runtime path of "/home/dangthehung/ros2_ws/install/turtlesim/lib/libturtlesim__rosidl_typesupport_cpp.so" to ""
[50.896s] -- Installing: /home/dangthehung/ros2_ws/install/turtlesim/share/turtlesim/environment/pythonpath.sh
[50.896s] -- Installing: /home/dangthehung/ros2_ws/install/turtlesim/share/turtlesim/environment/pythonpath.dsv
[50.896s] -- Installing: /home/dangthehung/ros2_ws/install/turtlesim/lib/python3.12/site-packages/turtlesim-1.8.3-py3.12.egg-info
[50.896s] -- Installing: /home/dangthehung/ros2_ws/install/turtlesim/lib/python3.12/site-packages/turtlesim-1.8.3-py3.12.egg-info/SOURCES.txt
[50.896s] -- Installing: /home/dangthehung/ros2_ws/install/turtlesim/lib/python3.12/site-packages/turtlesim-1.8.3-py3.12.egg-info/top_level.txt
[50.896s] -- Installing: /home/dangthehung/ros2_ws/install/turtlesim/lib/python3.12/site-packages/turtlesim-1.8.3-py3.12.egg-info/dependency_links.txt
[50.896s] -- Installing: /home/dangthehung/ros2_ws/install/turtlesim/lib/python3.12/site-packages/turtlesim-1.8.3-py3.12.egg-info/PKG-INFO
[50.896s] -- Installing: /home/dangthehung/ros2_ws/install/turtlesim/lib/python3.12/site-packages/turtlesim
[50.896s] -- Installing: /home/dangthehung/ros2_ws/install/turtlesim/lib/python3.12/site-packages/turtlesim/_turtlesim_s.ep.rosidl_typesupport_c.c
[50.896s] -- Installing: /home/dangthehung/ros2_ws/install/turtlesim/lib/python3.12/site-packages/turtlesim/turtlesim_s__rosidl_typesupport_fastrtps_c.so
[50.897s] -- Installing: /home/dangthehung/ros2_ws/install/turtlesim/lib/python3.12/site-packages/turtlesim/msg
[50.897s] -- Installing: /home/dangthehung/ros2_ws/install/turtlesim/lib/python3.12/site-packages/turtlesim/msg/_color_s.c
[50.897s] -- Installing: /home/dangthehung/ros2_ws/install/turtlesim/lib/python3.12/site-packages/turtlesim/msg/_color.py
[50.897s] -- Installing: /home/dangthehung/ros2_ws/install/turtlesim/lib/python3.12/site-packages/turtlesim/msg/_pose_s.c
[50.897s] -- Installing: /home/dangthehung/ros2_ws/install/turtlesim/lib/python3.12/site-packages/turtlesim/msg/__init__.py
[50.897s] -- Installing: /home/dangthehung/ros2_ws/install/turtlesim/lib/python3.12/site-packages/turtlesim/msg/_pose.py
[50.897s] -- Installing: /home/dangthehung/ros2_ws/install/turtlesim/lib/python3.12/site-packages/turtlesim/_turtlesim_s.ep.rosidl_typesupport_fastrtps_c.c
[50.897s] -- Installing: /home/dangthehung/ros2_ws/install/turtlesim/lib/python3.12/site-packages/turtlesim/turtlesim_s__rosidl_typesupport_c.so
[50.897s] -- Installing: /home/dangthehung/ros2_ws/install/turtlesim/lib/python3.12/site-packages/turtlesim/__init__.py
[50.898s] -- Installing: /home/dangthehung/ros2_ws/install/turtlesim/lib/python3.12/site-packages/turtlesim/_turtlesim_s.ep.rosidl_typesupport_introspection_c.c
[50.898s] -- Installing: /home/dangthehung/ros2_ws/install/turtlesim/lib/python3.12/site-packages/turtlesim/turtlesim_s__rosidl_typesupport_introspection_c.so
[50.898s] -- Installing: /home/dangthehung/ros2_ws/install/turtlesim/lib/python3.12/site-packages/turtlesim/srv
[50.898s] -- Installing: /home/dangthehung/ros2_ws/install/turtlesim/lib/python3.12/site-packages/turtlesim/srv/_teleport_absolute_s.c
[50.898s] -- Installing: /home/dangthehung/ros2_ws/install/turtlesim/lib/python3.12/site-packages/turtlesim/srv/_set_pen_s.c
[50.898s] -- Installing: /home/dangthehung/ros2_ws/install/turtlesim/lib/python3.12/site-packages/turtlesim/srv/_teleport_relative_s.c
[50.898s] -- Installing: /home/dangthehung/ros2_ws/install/turtlesim/lib/python3.12/site-packages/turtlesim/srv/_set_pen.py
[50.898s] -- Installing: /home/dangthehung/ros2_ws/install/turtlesim/lib/python3.12/site-packages/turtlesim/srv/_kill.py
[50.898s] -- Installing: /home/dangthehung/ros2_ws/install/turtlesim/lib/python3.12/site-packages/turtlesim/srv/_teleport_relative.py
[50.898s] -- Installing: /home/dangthehung/ros2_ws/install/turtlesim/lib/python3.12/site-packages/turtlesim/srv/_teleport_absolute.py
[50.898s] -- Installing: /home/dangthehung/ros2_ws/install/turtlesim/lib/python3.12/site-packages/turtlesim/srv/__init__.py
[50.899s] -- Installing: /home/dangthehung/ros2_ws/install/turtlesim/lib/python3.12/site-packages/turtlesim/srv/_spawn_s.c
[50.899s] -- Installing: /home/dangthehung/ros2_ws/install/turtlesim/lib/python3.12/site-packages/turtlesim/srv/_spawn.py
[50.899s] -- Installing: /home/dangthehung/ros2_ws/install/turtlesim/lib/python3.12/site-packages/turtlesim/srv/_kill_s.c
[50.899s] -- Installing: /home/dangthehung/ros2_ws/install/turtlesim/lib/python3.12/site-packages/turtlesim/action
[50.899s] -- Installing: /home/dangthehung/ros2_ws/install/turtlesim/lib/python3.12/site-packages/turtlesim/action/_rotate_absolute.py
[50.899s] -- Installing: /home/dangthehung/ros2_ws/install/turtlesim/lib/python3.12/site-packages/turtlesim/action/__init__.py
[50.899s] -- Installing: /home/dangthehung/ros2_ws/install/turtlesim/lib/python3.12/site-packages/turtlesim/action/_rotate_absolute_s.c
[50.972s] Listing '/home/dangthehung/ros2_ws/install/turtlesim/lib/python3.12/site-packages/turtlesim'...
[50.972s] Compiling '/home/dangthehung/ros2_ws/install/turtlesim/lib/python3.12/site-packages/turtlesim/__init__.py'...
[50.972s] Listing '/home/dangthehung/ros2_ws/install/turtlesim/lib/python3.12/site-packages/turtlesim/action'...
[50.973s] Compiling '/home/dangthehung/ros2_ws/install/turtlesim/lib/python3.12/site-packages/turtlesim/action/__init__.py'...
[50.973s] Compiling '/home/dangthehung/ros2_ws/install/turtlesim/lib/python3.12/site-packages/turtlesim/action/_rotate_absolute.py'...
[50.973s] Listing '/home/dangthehung/ros2_ws/install/turtlesim/lib/python3.12/site-packages/turtlesim/msg'...
[50.973s] Compiling '/home/dangthehung/ros2_ws/install/turtlesim/lib/python3.12/site-packages/turtlesim/msg/__init__.py'...
[50.973s] Compiling '/home/dangthehung/ros2_ws/install/turtlesim/lib/python3.12/site-packages/turtlesim/msg/_color.py'...
[50.973s] Compiling '/home/dangthehung/ros2_ws/install/turtlesim/lib/python3.12/site-packages/turtlesim/msg/_pose.py'...
[50.973s] Listing '/home/dangthehung/ros2_ws/install/turtlesim/lib/python3.12/site-packages/turtlesim/srv'...
[50.973s] Compiling '/home/dangthehung/ros2_ws/install/turtlesim/lib/python3.12/site-packages/turtlesim/srv/__init__.py'...
[50.973s] Compiling '/home/dangthehung/ros2_ws/install/turtlesim/lib/python3.12/site-packages/turtlesim/srv/_kill.py'...
[50.973s] Compiling '/home/dangthehung/ros2_ws/install/turtlesim/lib/python3.12/site-packages/turtlesim/srv/_set_pen.py'...
[50.973s] Compiling '/home/dangthehung/ros2_ws/install/turtlesim/lib/python3.12/site-packages/turtlesim/srv/_spawn.py'...
[50.974s] Compiling '/home/dangthehung/ros2_ws/install/turtlesim/lib/python3.12/site-packages/turtlesim/srv/_teleport_absolute.py'...
[50.974s] Compiling '/home/dangthehung/ros2_ws/install/turtlesim/lib/python3.12/site-packages/turtlesim/srv/_teleport_relative.py'...
[50.979s] -- Installing: /home/dangthehung/ros2_ws/install/turtlesim/lib/python3.12/site-packages/turtlesim/turtlesim_s__rosidl_typesupport_fastrtps_c.so
[50.979s] -- Set non-toolchain portion of runtime path of "/home/dangthehung/ros2_ws/install/turtlesim/lib/python3.12/site-packages/turtlesim/turtlesim_s__rosidl_typesupport_fastrtps_c.so" to ""
[50.980s] -- Installing: /home/dangthehung/ros2_ws/install/turtlesim/lib/python3.12/site-packages/turtlesim/turtlesim_s__rosidl_typesupport_introspection_c.so
[50.980s] -- Set non-toolchain portion of runtime path of "/home/dangthehung/ros2_ws/install/turtlesim/lib/python3.12/site-packages/turtlesim/turtlesim_s__rosidl_typesupport_introspection_c.so" to ""
[50.980s] -- Installing: /home/dangthehung/ros2_ws/install/turtlesim/lib/python3.12/site-packages/turtlesim/turtlesim_s__rosidl_typesupport_c.so
[50.980s] -- Set non-toolchain portion of runtime path of "/home/dangthehung/ros2_ws/install/turtlesim/lib/python3.12/site-packages/turtlesim/turtlesim_s__rosidl_typesupport_c.so" to ""
[50.980s] -- Installing: /home/dangthehung/ros2_ws/install/turtlesim/lib/libturtlesim__rosidl_generator_py.so
[50.981s] -- Set non-toolchain portion of runtime path of "/home/dangthehung/ros2_ws/install/turtlesim/lib/libturtlesim__rosidl_generator_py.so" to ""
[50.981s] -- Installing: /home/dangthehung/ros2_ws/install/turtlesim/share/turtlesim/action/RotateAbsolute.idl
[50.981s] -- Installing: /home/dangthehung/ros2_ws/install/turtlesim/share/turtlesim/msg/Color.idl
[50.981s] -- Installing: /home/dangthehung/ros2_ws/install/turtlesim/share/turtlesim/msg/Pose.idl
[50.981s] -- Installing: /home/dangthehung/ros2_ws/install/turtlesim/share/turtlesim/srv/Kill.idl
[50.981s] -- Installing: /home/dangthehung/ros2_ws/install/turtlesim/share/turtlesim/srv/SetPen.idl
[50.981s] -- Installing: /home/dangthehung/ros2_ws/install/turtlesim/share/turtlesim/srv/Spawn.idl
[50.981s] -- Installing: /home/dangthehung/ros2_ws/install/turtlesim/share/turtlesim/srv/TeleportAbsolute.idl
[50.982s] -- Installing: /home/dangthehung/ros2_ws/install/turtlesim/share/turtlesim/srv/TeleportRelative.idl
[50.982s] -- Installing: /home/dangthehung/ros2_ws/install/turtlesim/share/turtlesim/action/RotateAbsolute.action
[50.982s] -- Installing: /home/dangthehung/ros2_ws/install/turtlesim/share/turtlesim/msg/Color.msg
[50.982s] -- Installing: /home/dangthehung/ros2_ws/install/turtlesim/share/turtlesim/msg/Pose.msg
[50.982s] -- Installing: /home/dangthehung/ros2_ws/install/turtlesim/share/turtlesim/srv/Kill.srv
[50.982s] -- Installing: /home/dangthehung/ros2_ws/install/turtlesim/share/turtlesim/srv/SetPen.srv
[50.982s] -- Installing: /home/dangthehung/ros2_ws/install/turtlesim/share/turtlesim/srv/Spawn.srv
[50.982s] -- Installing: /home/dangthehung/ros2_ws/install/turtlesim/share/turtlesim/srv/TeleportAbsolute.srv
[50.982s] -- Installing: /home/dangthehung/ros2_ws/install/turtlesim/share/turtlesim/srv/TeleportRelative.srv
[50.982s] -- Installing: /home/dangthehung/ros2_ws/install/turtlesim/lib/turtlesim/turtlesim_node
[50.990s] -- Set non-toolchain portion of runtime path of "/home/dangthehung/ros2_ws/install/turtlesim/lib/turtlesim/turtlesim_node" to ""
[50.991s] -- Installing: /home/dangthehung/ros2_ws/install/turtlesim/lib/turtlesim/turtle_teleop_key
[50.992s] -- Set non-toolchain portion of runtime path of "/home/dangthehung/ros2_ws/install/turtlesim/lib/turtlesim/turtle_teleop_key" to ""
[50.992s] -- Installing: /home/dangthehung/ros2_ws/install/turtlesim/lib/turtlesim/draw_square
[50.996s] -- Set non-toolchain portion of runtime path of "/home/dangthehung/ros2_ws/install/turtlesim/lib/turtlesim/draw_square" to ""
[50.996s] -- Installing: /home/dangthehung/ros2_ws/install/turtlesim/lib/turtlesim/mimic
[51.001s] -- Set non-toolchain portion of runtime path of "/home/dangthehung/ros2_ws/install/turtlesim/lib/turtlesim/mimic" to ""
[51.001s] -- Installing: /home/dangthehung/ros2_ws/install/turtlesim/share/turtlesim/images
[51.001s] -- Installing: /home/dangthehung/ros2_ws/install/turtlesim/share/turtlesim/images/humble.png
[51.001s] -- Installing: /home/dangthehung/ros2_ws/install/turtlesim/share/turtlesim/images/dashing.png
[51.001s] -- Installing: /home/dangthehung/ros2_ws/install/turtlesim/share/turtlesim/images/jazzy.png
[51.001s] -- Installing: /home/dangthehung/ros2_ws/install/turtlesim/share/turtlesim/images/iron.png
[51.001s] -- Installing: /home/dangthehung/ros2_ws/install/turtlesim/share/turtlesim/images/bouncy.png
[51.002s] -- Installing: /home/dangthehung/ros2_ws/install/turtlesim/share/turtlesim/images/crystal.png
[51.002s] -- Installing: /home/dangthehung/ros2_ws/install/turtlesim/share/turtlesim/images/eloquent.png
[51.002s] -- Installing: /home/dangthehung/ros2_ws/install/turtlesim/share/turtlesim/images/galactic.png
[51.002s] -- Installing: /home/dangthehung/ros2_ws/install/turtlesim/share/turtlesim/images/rolling.png
[51.002s] -- Installing: /home/dangthehung/ros2_ws/install/turtlesim/share/turtlesim/images/ardent.png
[51.002s] -- Installing: /home/dangthehung/ros2_ws/install/turtlesim/share/turtlesim/images/foxy.png
[51.002s] -- Installing: /home/dangthehung/ros2_ws/install/turtlesim/share/turtlesim/launch
[51.002s] -- Installing: /home/dangthehung/ros2_ws/install/turtlesim/share/turtlesim/launch/multisim.launch.py
[51.003s] -- Installing: /home/dangthehung/ros2_ws/install/turtlesim/share/ament_index/resource_index/package_run_dependencies/turtlesim
[51.003s] -- Installing: /home/dangthehung/ros2_ws/install/turtlesim/share/ament_index/resource_index/parent_prefix_path/turtlesim
[51.003s] -- Installing: /home/dangthehung/ros2_ws/install/turtlesim/share/turtlesim/environment/ament_prefix_path.sh
[51.003s] -- Installing: /home/dangthehung/ros2_ws/install/turtlesim/share/turtlesim/environment/ament_prefix_path.dsv
[51.003s] -- Installing: /home/dangthehung/ros2_ws/install/turtlesim/share/turtlesim/environment/path.sh
[51.003s] -- Installing: /home/dangthehung/ros2_ws/install/turtlesim/share/turtlesim/environment/path.dsv
[51.003s] -- Installing: /home/dangthehung/ros2_ws/install/turtlesim/share/turtlesim/local_setup.bash
[51.003s] -- Installing: /home/dangthehung/ros2_ws/install/turtlesim/share/turtlesim/local_setup.sh
[51.004s] -- Installing: /home/dangthehung/ros2_ws/install/turtlesim/share/turtlesim/local_setup.zsh
[51.004s] -- Installing: /home/dangthehung/ros2_ws/install/turtlesim/share/turtlesim/local_setup.dsv
[51.004s] -- Installing: /home/dangthehung/ros2_ws/install/turtlesim/share/turtlesim/package.dsv
[51.004s] -- Installing: /home/dangthehung/ros2_ws/install/turtlesim/share/ament_index/resource_index/packages/turtlesim
[51.004s] -- Installing: /home/dangthehung/ros2_ws/install/turtlesim/share/turtlesim/cmake/export_turtlesim__rosidl_generator_cExport.cmake
[51.004s] -- Installing: /home/dangthehung/ros2_ws/install/turtlesim/share/turtlesim/cmake/export_turtlesim__rosidl_generator_cExport-noconfig.cmake
[51.004s] -- Installing: /home/dangthehung/ros2_ws/install/turtlesim/share/turtlesim/cmake/export_turtlesim__rosidl_typesupport_fastrtps_cExport.cmake
[51.005s] -- Installing: /home/dangthehung/ros2_ws/install/turtlesim/share/turtlesim/cmake/export_turtlesim__rosidl_typesupport_fastrtps_cExport-noconfig.cmake
[51.005s] -- Installing: /home/dangthehung/ros2_ws/install/turtlesim/share/turtlesim/cmake/export_turtlesim__rosidl_generator_cppExport.cmake
[51.005s] -- Installing: /home/dangthehung/ros2_ws/install/turtlesim/share/turtlesim/cmake/export_turtlesim__rosidl_typesupport_fastrtps_cppExport.cmake
[51.005s] -- Installing: /home/dangthehung/ros2_ws/install/turtlesim/share/turtlesim/cmake/export_turtlesim__rosidl_typesupport_fastrtps_cppExport-noconfig.cmake
[51.005s] -- Installing: /home/dangthehung/ros2_ws/install/turtlesim/share/turtlesim/cmake/turtlesim__rosidl_typesupport_introspection_cExport.cmake
[51.005s] -- Installing: /home/dangthehung/ros2_ws/install/turtlesim/share/turtlesim/cmake/turtlesim__rosidl_typesupport_introspection_cExport-noconfig.cmake
[51.005s] -- Installing: /home/dangthehung/ros2_ws/install/turtlesim/share/turtlesim/cmake/turtlesim__rosidl_typesupport_cExport.cmake
[51.006s] -- Installing: /home/dangthehung/ros2_ws/install/turtlesim/share/turtlesim/cmake/turtlesim__rosidl_typesupport_cExport-noconfig.cmake
[51.006s] -- Installing: /home/dangthehung/ros2_ws/install/turtlesim/share/turtlesim/cmake/turtlesim__rosidl_typesupport_introspection_cppExport.cmake
[51.006s] -- Installing: /home/dangthehung/ros2_ws/install/turtlesim/share/turtlesim/cmake/turtlesim__rosidl_typesupport_introspection_cppExport-noconfig.cmake
[51.006s] -- Installing: /home/dangthehung/ros2_ws/install/turtlesim/share/turtlesim/cmake/turtlesim__rosidl_typesupport_cppExport.cmake
[51.006s] -- Installing: /home/dangthehung/ros2_ws/install/turtlesim/share/turtlesim/cmake/turtlesim__rosidl_typesupport_cppExport-noconfig.cmake
[51.006s] -- Installing: /home/dangthehung/ros2_ws/install/turtlesim/share/turtlesim/cmake/export_turtlesim__rosidl_generator_pyExport.cmake
[51.006s] -- Installing: /home/dangthehung/ros2_ws/install/turtlesim/share/turtlesim/cmake/export_turtlesim__rosidl_generator_pyExport-noconfig.cmake
[51.007s] -- Installing: /home/dangthehung/ros2_ws/install/turtlesim/share/turtlesim/cmake/rosidl_cmake-extras.cmake
[51.007s] -- Installing: /home/dangthehung/ros2_ws/install/turtlesim/share/turtlesim/cmake/ament_cmake_export_dependencies-extras.cmake
[51.007s] -- Installing: /home/dangthehung/ros2_ws/install/turtlesim/share/turtlesim/cmake/ament_cmake_export_include_directories-extras.cmake
[51.007s] -- Installing: /home/dangthehung/ros2_ws/install/turtlesim/share/turtlesim/cmake/ament_cmake_export_libraries-extras.cmake
[51.007s] -- Installing: /home/dangthehung/ros2_ws/install/turtlesim/share/turtlesim/cmake/ament_cmake_export_targets-extras.cmake
[51.007s] -- Installing: /home/dangthehung/ros2_ws/install/turtlesim/share/turtlesim/cmake/rosidl_cmake_export_typesupport_targets-extras.cmake
[51.008s] -- Installing: /home/dangthehung/ros2_ws/install/turtlesim/share/turtlesim/cmake/rosidl_cmake_export_typesupport_libraries-extras.cmake
[51.008s] -- Installing: /home/dangthehung/ros2_ws/install/turtlesim/share/turtlesim/cmake/turtlesimConfig.cmake
[51.008s] -- Installing: /home/dangthehung/ros2_ws/install/turtlesim/share/turtlesim/cmake/turtlesimConfig-version.cmake
[51.008s] -- Installing: /home/dangthehung/ros2_ws/install/turtlesim/share/turtlesim/package.xml
[51.011s] Invoked command in '/home/dangthehung/ros2_ws/build/turtlesim' returned '0': CMAKE_PREFIX_PATH=${CMAKE_PREFIX_PATH}:/opt/ros/jazzy DEBUGINFOD_URLS=https://debuginfod.ubuntu.com /usr/bin/cmake --install /home/dangthehung/ros2_ws/build/turtlesim
