[0.080s] DEBUG:colcon:Command line arguments: ['/usr/bin/colcon', 'build', '--symlink-install']
[0.080s] DEBUG:colcon:Parsed command line arguments: Namespace(log_base=None, log_level=None, verb_name='build', build_base='build', install_base='install', merge_install=False, symlink_install=True, test_result_base=None, continue_on_error=False, executor='parallel', parallel_workers=4, event_handlers=None, ignore_user_meta=False, metas=['./colcon.meta'], base_paths=['.'], packages_ignore=None, packages_ignore_regex=None, paths=None, packages_up_to=None, packages_up_to_regex=None, packages_above=None, packages_above_and_dependencies=None, packages_above_depth=None, packages_select_by_dep=None, packages_skip_by_dep=None, packages_skip_up_to=None, packages_select_build_failed=False, packages_skip_build_finished=False, packages_select_test_failures=False, packages_skip_test_passed=False, packages_select=None, packages_skip=None, packages_select_regex=None, packages_skip_regex=None, packages_start=None, packages_end=None, allow_overriding=[], cmake_args=None, cmake_target=None, cmake_target_skip_unavailable=False, cmake_clean_cache=False, cmake_clean_first=False, cmake_force_configure=False, ament_cmake_args=None, catkin_cmake_args=None, catkin_skip_building_tests=False, mixin_files=None, mixin=None, verb_parser=<colcon_mixin.mixin.mixin_argument.MixinArgumentDecorator object at 0x71df8d59b740>, verb_extension=<colcon_core.verb.build.BuildVerb object at 0x71df8d6c25a0>, main=<bound method BuildVerb.main of <colcon_core.verb.build.BuildVerb object at 0x71df8d6c25a0>>, mixin_verb=('build',))
[0.108s] Level 1:colcon.colcon_core.package_discovery:discover_packages(colcon_meta) check parameters
[0.109s] Level 1:colcon.colcon_core.package_discovery:discover_packages(recursive) check parameters
[0.109s] Level 1:colcon.colcon_core.package_discovery:discover_packages(ignore) check parameters
[0.109s] Level 1:colcon.colcon_core.package_discovery:discover_packages(path) check parameters
[0.109s] Level 1:colcon.colcon_core.package_discovery:discover_packages(colcon_meta) discover
[0.109s] Level 1:colcon.colcon_core.package_discovery:discover_packages(recursive) discover
[0.109s] INFO:colcon.colcon_core.package_discovery:Crawling recursively for packages in '/home/dangthehung/ros2_ws'
[0.109s] Level 1:colcon.colcon_core.package_identification:_identify(.) by extensions ['ignore', 'ignore_ament_install']
[0.109s] Level 1:colcon.colcon_core.package_identification:_identify(.) by extension 'ignore'
[0.109s] Level 1:colcon.colcon_core.package_identification:_identify(.) by extension 'ignore_ament_install'
[0.110s] Level 1:colcon.colcon_core.package_identification:_identify(.) by extensions ['colcon_pkg']
[0.110s] Level 1:colcon.colcon_core.package_identification:_identify(.) by extension 'colcon_pkg'
[0.110s] Level 1:colcon.colcon_core.package_identification:_identify(.) by extensions ['colcon_meta']
[0.110s] Level 1:colcon.colcon_core.package_identification:_identify(.) by extension 'colcon_meta'
[0.110s] Level 1:colcon.colcon_core.package_identification:_identify(.) by extensions ['ros']
[0.110s] Level 1:colcon.colcon_core.package_identification:_identify(.) by extension 'ros'
[0.130s] Level 1:colcon.colcon_core.package_identification:_identify(.) by extensions ['cmake', 'python']
[0.130s] Level 1:colcon.colcon_core.package_identification:_identify(.) by extension 'cmake'
[0.130s] Level 1:colcon.colcon_core.package_identification:_identify(.) by extension 'python'
[0.130s] Level 1:colcon.colcon_core.package_identification:_identify(.) by extensions ['python_setup_py']
[0.130s] Level 1:colcon.colcon_core.package_identification:_identify(.) by extension 'python_setup_py'
[0.130s] Level 1:colcon.colcon_core.package_identification:_identify(build) by extensions ['ignore', 'ignore_ament_install']
[0.130s] Level 1:colcon.colcon_core.package_identification:_identify(build) by extension 'ignore'
[0.130s] Level 1:colcon.colcon_core.package_identification:_identify(build) ignored
[0.131s] Level 1:colcon.colcon_core.package_identification:_identify(install) by extensions ['ignore', 'ignore_ament_install']
[0.131s] Level 1:colcon.colcon_core.package_identification:_identify(install) by extension 'ignore'
[0.131s] Level 1:colcon.colcon_core.package_identification:_identify(install) ignored
[0.131s] Level 1:colcon.colcon_core.package_identification:_identify(log) by extensions ['ignore', 'ignore_ament_install']
[0.131s] Level 1:colcon.colcon_core.package_identification:_identify(log) by extension 'ignore'
[0.131s] Level 1:colcon.colcon_core.package_identification:_identify(log) ignored
[0.131s] Level 1:colcon.colcon_core.package_identification:_identify(src) by extensions ['ignore', 'ignore_ament_install']
[0.131s] Level 1:colcon.colcon_core.package_identification:_identify(src) by extension 'ignore'
[0.131s] Level 1:colcon.colcon_core.package_identification:_identify(src) by extension 'ignore_ament_install'
[0.131s] Level 1:colcon.colcon_core.package_identification:_identify(src) by extensions ['colcon_pkg']
[0.131s] Level 1:colcon.colcon_core.package_identification:_identify(src) by extension 'colcon_pkg'
[0.131s] Level 1:colcon.colcon_core.package_identification:_identify(src) by extensions ['colcon_meta']
[0.131s] Level 1:colcon.colcon_core.package_identification:_identify(src) by extension 'colcon_meta'
[0.131s] Level 1:colcon.colcon_core.package_identification:_identify(src) by extensions ['ros']
[0.131s] Level 1:colcon.colcon_core.package_identification:_identify(src) by extension 'ros'
[0.131s] Level 1:colcon.colcon_core.package_identification:_identify(src) by extensions ['cmake', 'python']
[0.131s] Level 1:colcon.colcon_core.package_identification:_identify(src) by extension 'cmake'
[0.131s] Level 1:colcon.colcon_core.package_identification:_identify(src) by extension 'python'
[0.131s] Level 1:colcon.colcon_core.package_identification:_identify(src) by extensions ['python_setup_py']
[0.131s] Level 1:colcon.colcon_core.package_identification:_identify(src) by extension 'python_setup_py'
[0.131s] Level 1:colcon.colcon_core.package_identification:_identify(src/build) by extensions ['ignore', 'ignore_ament_install']
[0.131s] Level 1:colcon.colcon_core.package_identification:_identify(src/build) by extension 'ignore'
[0.131s] Level 1:colcon.colcon_core.package_identification:_identify(src/build) ignored
[0.132s] Level 1:colcon.colcon_core.package_identification:_identify(src/camera) by extensions ['ignore', 'ignore_ament_install']
[0.132s] Level 1:colcon.colcon_core.package_identification:_identify(src/camera) by extension 'ignore'
[0.132s] Level 1:colcon.colcon_core.package_identification:_identify(src/camera) by extension 'ignore_ament_install'
[0.132s] Level 1:colcon.colcon_core.package_identification:_identify(src/camera) by extensions ['colcon_pkg']
[0.132s] Level 1:colcon.colcon_core.package_identification:_identify(src/camera) by extension 'colcon_pkg'
[0.132s] Level 1:colcon.colcon_core.package_identification:_identify(src/camera) by extensions ['colcon_meta']
[0.132s] Level 1:colcon.colcon_core.package_identification:_identify(src/camera) by extension 'colcon_meta'
[0.132s] Level 1:colcon.colcon_core.package_identification:_identify(src/camera) by extensions ['ros']
[0.132s] Level 1:colcon.colcon_core.package_identification:_identify(src/camera) by extension 'ros'
[0.134s] DEBUG:colcon.colcon_core.package_identification:Package 'src/camera' with type 'ros.ament_python' and name 'camera'
[0.134s] Level 1:colcon.colcon_core.package_identification:_identify(src/install) by extensions ['ignore', 'ignore_ament_install']
[0.134s] Level 1:colcon.colcon_core.package_identification:_identify(src/install) by extension 'ignore'
[0.134s] Level 1:colcon.colcon_core.package_identification:_identify(src/install) ignored
[0.134s] Level 1:colcon.colcon_core.package_identification:_identify(src/log) by extensions ['ignore', 'ignore_ament_install']
[0.135s] Level 1:colcon.colcon_core.package_identification:_identify(src/log) by extension 'ignore'
[0.135s] Level 1:colcon.colcon_core.package_identification:_identify(src/log) ignored
[0.135s] Level 1:colcon.colcon_core.package_discovery:discover_packages(recursive) using defaults
[0.135s] Level 1:colcon.colcon_core.package_discovery:discover_packages(ignore) discover
[0.135s] Level 1:colcon.colcon_core.package_discovery:discover_packages(ignore) using defaults
[0.135s] Level 1:colcon.colcon_core.package_discovery:discover_packages(path) discover
[0.135s] Level 1:colcon.colcon_core.package_discovery:discover_packages(path) using defaults
[0.148s] Level 1:colcon.colcon_core.package_discovery:discover_packages(prefix_path) check parameters
[0.148s] Level 1:colcon.colcon_core.package_discovery:discover_packages(prefix_path) discover
[0.149s] DEBUG:colcon.colcon_installed_package_information.package_discovery:Found 3 installed packages in /home/dangthehung/ros2_ws/install
[0.150s] DEBUG:colcon.colcon_installed_package_information.package_discovery:Found 285 installed packages in /opt/ros/jazzy
[0.151s] Level 1:colcon.colcon_core.package_discovery:discover_packages(prefix_path) using defaults
[0.181s] Level 5:colcon.colcon_core.verb:set package 'camera' build argument 'cmake_args' from command line to 'None'
[0.181s] Level 5:colcon.colcon_core.verb:set package 'camera' build argument 'cmake_target' from command line to 'None'
[0.181s] Level 5:colcon.colcon_core.verb:set package 'camera' build argument 'cmake_target_skip_unavailable' from command line to 'False'
[0.181s] Level 5:colcon.colcon_core.verb:set package 'camera' build argument 'cmake_clean_cache' from command line to 'False'
[0.181s] Level 5:colcon.colcon_core.verb:set package 'camera' build argument 'cmake_clean_first' from command line to 'False'
[0.181s] Level 5:colcon.colcon_core.verb:set package 'camera' build argument 'cmake_force_configure' from command line to 'False'
[0.181s] Level 5:colcon.colcon_core.verb:set package 'camera' build argument 'ament_cmake_args' from command line to 'None'
[0.181s] Level 5:colcon.colcon_core.verb:set package 'camera' build argument 'catkin_cmake_args' from command line to 'None'
[0.181s] Level 5:colcon.colcon_core.verb:set package 'camera' build argument 'catkin_skip_building_tests' from command line to 'False'
[0.181s] DEBUG:colcon.colcon_core.verb:Building package 'camera' with the following arguments: {'ament_cmake_args': None, 'build_base': '/home/dangthehung/ros2_ws/build/camera', 'catkin_cmake_args': None, 'catkin_skip_building_tests': False, 'cmake_args': None, 'cmake_clean_cache': False, 'cmake_clean_first': False, 'cmake_force_configure': False, 'cmake_target': None, 'cmake_target_skip_unavailable': False, 'install_base': '/home/dangthehung/ros2_ws/install/camera', 'merge_install': False, 'path': '/home/dangthehung/ros2_ws/src/camera', 'symlink_install': True, 'test_result_base': None}
[0.181s] INFO:colcon.colcon_core.executor:Executing jobs using 'parallel' executor
[0.182s] DEBUG:colcon.colcon_parallel_executor.executor.parallel:run_until_complete
[0.182s] INFO:colcon.colcon_ros.task.ament_python.build:Building ROS package in '/home/dangthehung/ros2_ws/src/camera' with build type 'ament_python'
[0.183s] Level 1:colcon.colcon_core.shell:create_environment_hook('camera', 'ament_prefix_path')
[0.184s] INFO:colcon.colcon_core.plugin_system:Skipping extension 'colcon_core.shell.bat': Not used on non-Windows systems
[0.184s] INFO:colcon.colcon_core.shell:Creating environment hook '/home/dangthehung/ros2_ws/install/camera/share/camera/hook/ament_prefix_path.ps1'
[0.184s] INFO:colcon.colcon_core.shell:Creating environment descriptor '/home/dangthehung/ros2_ws/install/camera/share/camera/hook/ament_prefix_path.dsv'
[0.185s] INFO:colcon.colcon_core.shell:Creating environment hook '/home/dangthehung/ros2_ws/install/camera/share/camera/hook/ament_prefix_path.sh'
[0.185s] INFO:colcon.colcon_core.shell:Skip shell extension 'powershell' for command environment: Not usable outside of PowerShell
[0.185s] DEBUG:colcon.colcon_core.shell:Skip shell extension 'dsv' for command environment
[0.371s] INFO:colcon.colcon_core.task.python.build:Building Python package in '/home/dangthehung/ros2_ws/src/camera'
[0.371s] INFO:colcon.colcon_core.shell:Skip shell extension 'powershell' for command environment: Not usable outside of PowerShell
[0.371s] DEBUG:colcon.colcon_core.shell:Skip shell extension 'dsv' for command environment
[0.856s] DEBUG:colcon.colcon_core.event_handler.log_command:Invoking command in '/home/dangthehung/ros2_ws/build/camera': DEBUGINFOD_URLS=https://debuginfod.ubuntu.com PS1=(myenv) \[\e]0;\u@\h: \w\a\]${debian_chroot:+($debian_chroot)}\[\033[01;32m\]\u@\h\[\033[00m\]:\[\033[01;34m\]\w\[\033[00m\]\$ PYTHONPATH=/home/dangthehung/ros2_ws/build/camera/prefix_override:/usr/lib/python3/dist-packages/colcon_core/task/python/colcon_distutils_commands:/home/dangthehung/ros2_ws/install/camera/lib/python3.12/site-packages:${PYTHONPATH} VIRTUAL_ENV_PROMPT=(myenv) /usr/bin/python3 -W ignore:setup.py install is deprecated setup.py develop --editable --build-directory /home/dangthehung/ros2_ws/build/camera/build --no-deps symlink_data
[1.432s] Level 1:colcon.colcon_core.shell:create_environment_hook('camera', 'pythonpath_develop')
[1.432s] INFO:colcon.colcon_core.shell:Creating environment hook '/home/dangthehung/ros2_ws/build/camera/share/camera/hook/pythonpath_develop.ps1'
[1.433s] DEBUG:colcon.colcon_core.event_handler.log_command:Invoked command in '/home/dangthehung/ros2_ws/build/camera' returned '0': DEBUGINFOD_URLS=https://debuginfod.ubuntu.com PS1=(myenv) \[\e]0;\u@\h: \w\a\]${debian_chroot:+($debian_chroot)}\[\033[01;32m\]\u@\h\[\033[00m\]:\[\033[01;34m\]\w\[\033[00m\]\$ PYTHONPATH=/home/dangthehung/ros2_ws/build/camera/prefix_override:/usr/lib/python3/dist-packages/colcon_core/task/python/colcon_distutils_commands:/home/dangthehung/ros2_ws/install/camera/lib/python3.12/site-packages:${PYTHONPATH} VIRTUAL_ENV_PROMPT=(myenv) /usr/bin/python3 -W ignore:setup.py install is deprecated setup.py develop --editable --build-directory /home/dangthehung/ros2_ws/build/camera/build --no-deps symlink_data
[1.433s] INFO:colcon.colcon_core.shell:Creating environment descriptor '/home/dangthehung/ros2_ws/build/camera/share/camera/hook/pythonpath_develop.dsv'
[1.433s] INFO:colcon.colcon_core.shell:Creating environment hook '/home/dangthehung/ros2_ws/build/camera/share/camera/hook/pythonpath_develop.sh'
[1.435s] Level 1:colcon.colcon_core.environment:checking '/home/dangthehung/ros2_ws/install/camera' for CMake module files
[1.435s] Level 1:colcon.colcon_core.environment:checking '/home/dangthehung/ros2_ws/install/camera' for CMake config files
[1.436s] Level 1:colcon.colcon_core.environment:checking '/home/dangthehung/ros2_ws/install/camera/lib'
[1.436s] Level 1:colcon.colcon_core.environment:checking '/home/dangthehung/ros2_ws/install/camera/bin'
[1.436s] Level 1:colcon.colcon_core.environment:checking '/home/dangthehung/ros2_ws/install/camera/lib/pkgconfig/camera.pc'
[1.436s] Level 1:colcon.colcon_core.environment:checking '/home/dangthehung/ros2_ws/install/camera/lib/python3.12/site-packages'
[1.436s] Level 1:colcon.colcon_core.shell:create_environment_hook('camera', 'pythonpath')
[1.436s] INFO:colcon.colcon_core.shell:Creating environment hook '/home/dangthehung/ros2_ws/install/camera/share/camera/hook/pythonpath.ps1'
[1.437s] INFO:colcon.colcon_core.shell:Creating environment descriptor '/home/dangthehung/ros2_ws/install/camera/share/camera/hook/pythonpath.dsv'
[1.437s] INFO:colcon.colcon_core.shell:Creating environment hook '/home/dangthehung/ros2_ws/install/camera/share/camera/hook/pythonpath.sh'
[1.437s] Level 1:colcon.colcon_core.environment:checking '/home/dangthehung/ros2_ws/install/camera/bin'
[1.437s] Level 1:colcon.colcon_core.environment:create_environment_scripts_only(camera)
[1.438s] INFO:colcon.colcon_core.shell:Creating package script '/home/dangthehung/ros2_ws/install/camera/share/camera/package.ps1'
[1.438s] INFO:colcon.colcon_core.shell:Creating package descriptor '/home/dangthehung/ros2_ws/install/camera/share/camera/package.dsv'
[1.439s] INFO:colcon.colcon_core.shell:Creating package script '/home/dangthehung/ros2_ws/install/camera/share/camera/package.sh'
[1.439s] INFO:colcon.colcon_core.shell:Creating package script '/home/dangthehung/ros2_ws/install/camera/share/camera/package.bash'
[1.440s] INFO:colcon.colcon_core.shell:Creating package script '/home/dangthehung/ros2_ws/install/camera/share/camera/package.zsh'
[1.440s] Level 1:colcon.colcon_core.environment:create_file_with_runtime_dependencies(/home/dangthehung/ros2_ws/install/camera/share/colcon-core/packages/camera)
[1.440s] DEBUG:colcon.colcon_parallel_executor.executor.parallel:closing loop
[1.440s] DEBUG:colcon.colcon_parallel_executor.executor.parallel:loop closed
[1.440s] DEBUG:colcon.colcon_parallel_executor.executor.parallel:run_until_complete finished with '0'
[1.440s] DEBUG:colcon.colcon_core.event_reactor:joining thread
[1.445s] INFO:colcon.colcon_core.plugin_system:Skipping extension 'colcon_notification.desktop_notification.terminal_notifier': Not used on non-Darwin systems
[1.445s] INFO:colcon.colcon_core.plugin_system:Skipping extension 'colcon_notification.desktop_notification.win32': Not used on non-Windows systems
[1.445s] INFO:colcon.colcon_notification.desktop_notification:Sending desktop notification using 'notify2'
[1.457s] DEBUG:colcon.colcon_core.event_reactor:joined thread
[1.457s] INFO:colcon.colcon_core.shell:Creating prefix script '/home/dangthehung/ros2_ws/install/local_setup.ps1'
[1.458s] INFO:colcon.colcon_core.shell:Creating prefix util module '/home/dangthehung/ros2_ws/install/_local_setup_util_ps1.py'
[1.459s] INFO:colcon.colcon_core.shell:Creating prefix chain script '/home/dangthehung/ros2_ws/install/setup.ps1'
[1.460s] INFO:colcon.colcon_core.shell:Creating prefix script '/home/dangthehung/ros2_ws/install/local_setup.sh'
[1.460s] INFO:colcon.colcon_core.shell:Creating prefix util module '/home/dangthehung/ros2_ws/install/_local_setup_util_sh.py'
[1.461s] INFO:colcon.colcon_core.shell:Creating prefix chain script '/home/dangthehung/ros2_ws/install/setup.sh'
[1.461s] INFO:colcon.colcon_core.shell:Creating prefix script '/home/dangthehung/ros2_ws/install/local_setup.bash'
[1.462s] INFO:colcon.colcon_core.shell:Creating prefix chain script '/home/dangthehung/ros2_ws/install/setup.bash'
[1.462s] INFO:colcon.colcon_core.shell:Creating prefix script '/home/dangthehung/ros2_ws/install/local_setup.zsh'
[1.462s] INFO:colcon.colcon_core.shell:Creating prefix chain script '/home/dangthehung/ros2_ws/install/setup.zsh'
