[0.791s] Invoking command in '/home/dangthehung/ros2_ws/src/build/camera': DEBUGINFOD_URLS=https://debuginfod.ubuntu.com PYTHONPATH=/home/dangthehung/ros2_ws/src/build/camera/prefix_override:/usr/lib/python3/dist-packages/colcon_core/task/python/colcon_distutils_commands:/home/dangthehung/ros2_ws/src/install/camera/lib/python3.12/site-packages:${PYTHONPATH} VIRTUAL_ENV_PROMPT=(myenv) /usr/bin/python3 -W ignore:setup.py install is deprecated setup.py develop --editable --build-directory /home/dangthehung/ros2_ws/src/build/camera/build --no-deps symlink_data
[1.101s] running develop
[1.101s] /usr/lib/python3/dist-packages/setuptools/command/develop.py:40: EasyInstallDeprecationWarning: easy_install command is deprecated.
[1.102s] !!
[1.102s] 
[1.102s]         ********************************************************************************
[1.102s]         Please avoid running ``setup.py`` and ``easy_install``.
[1.102s]         Instead, use pypa/build, pypa/installer or other
[1.102s]         standards-based tools.
[1.102s] 
[1.102s]         See https://github.com/pypa/setuptools/issues/917 for details.
[1.102s]         ********************************************************************************
[1.102s] 
[1.102s] !!
[1.102s]   easy_install.initialize_options(self)
[1.422s] running egg_info
[1.422s] creating camera.egg-info
[1.463s] writing camera.egg-info/PKG-INFO
[1.464s] writing dependency_links to camera.egg-info/dependency_links.txt
[1.464s] writing entry points to camera.egg-info/entry_points.txt
[1.464s] writing requirements to camera.egg-info/requires.txt
[1.464s] writing top-level names to camera.egg-info/top_level.txt
[1.464s] writing manifest file 'camera.egg-info/SOURCES.txt'
[1.525s] reading manifest file 'camera.egg-info/SOURCES.txt'
[1.527s] writing manifest file 'camera.egg-info/SOURCES.txt'
[1.558s] running build_ext
[1.558s] Creating /home/dangthehung/ros2_ws/src/install/camera/lib/python3.12/site-packages/camera.egg-link (link to .)
[1.559s] Installing print_hello script to /home/dangthehung/ros2_ws/src/install/camera/lib/camera
[1.559s] Installing register_camera_and_save script to /home/dangthehung/ros2_ws/src/install/camera/lib/camera
[1.559s] Installing test script to /home/dangthehung/ros2_ws/src/install/camera/lib/camera
[1.559s] 
[1.559s] Installed /home/dangthehung/ros2_ws/src/build/camera
[1.559s] running symlink_data
[1.560s] creating /home/dangthehung/ros2_ws/src/install/camera/share/ament_index
[1.560s] creating /home/dangthehung/ros2_ws/src/install/camera/share/ament_index/resource_index
[1.563s] creating /home/dangthehung/ros2_ws/src/install/camera/share/ament_index/resource_index/packages
[1.563s] symbolically linking /home/dangthehung/ros2_ws/src/build/camera/resource/camera -> /home/dangthehung/ros2_ws/src/install/camera/share/ament_index/resource_index/packages
[1.563s] symbolically linking /home/dangthehung/ros2_ws/src/build/camera/package.xml -> /home/dangthehung/ros2_ws/src/install/camera/share/camera
[1.645s] Invoked command in '/home/dangthehung/ros2_ws/src/build/camera' returned '0': DEBUGINFOD_URLS=https://debuginfod.ubuntu.com PYTHONPATH=/home/dangthehung/ros2_ws/src/build/camera/prefix_override:/usr/lib/python3/dist-packages/colcon_core/task/python/colcon_distutils_commands:/home/dangthehung/ros2_ws/src/install/camera/lib/python3.12/site-packages:${PYTHONPATH} VIRTUAL_ENV_PROMPT=(myenv) /usr/bin/python3 -W ignore:setup.py install is deprecated setup.py develop --editable --build-directory /home/dangthehung/ros2_ws/src/build/camera/build --no-deps symlink_data
