[2.516s] Invoking command in '/home/dangthehung/ros2_ws/build/camera': DEBUGINFOD_URLS=https://debuginfod.ubuntu.com PYTHONPATH=/home/dangthehung/ros2_ws/build/camera/prefix_override:/usr/lib/python3/dist-packages/colcon_core/task/python/colcon_distutils_commands:/home/dangthehung/ros2_ws/install/camera/lib/python3.12/site-packages:${PYTHONPATH} VIRTUAL_ENV_PROMPT=(myenv) /usr/bin/python3 -W ignore:setup.py install is deprecated setup.py develop --editable --build-directory /home/dangthehung/ros2_ws/build/camera/build --no-deps symlink_data
[3.390s] running develop
[3.390s] /usr/lib/python3/dist-packages/setuptools/command/develop.py:40: EasyInstallDeprecationWarning: easy_install command is deprecated.
[3.391s] !!
[3.391s] 
[3.391s]         ********************************************************************************
[3.391s]         Please avoid running ``setup.py`` and ``easy_install``.
[3.391s]         Instead, use pypa/build, pypa/installer or other
[3.391s]         standards-based tools.
[3.391s] 
[3.392s]         See https://github.com/pypa/setuptools/issues/917 for details.
[3.392s]         ********************************************************************************
[3.392s] 
[3.392s] !!
[3.392s]   easy_install.initialize_options(self)
[3.908s] running egg_info
[3.957s] writing camera.egg-info/PKG-INFO
[3.958s] writing dependency_links to camera.egg-info/dependency_links.txt
[3.959s] writing entry points to camera.egg-info/entry_points.txt
[3.959s] writing requirements to camera.egg-info/requires.txt
[3.959s] writing top-level names to camera.egg-info/top_level.txt
[4.061s] reading manifest file 'camera.egg-info/SOURCES.txt'
[4.064s] writing manifest file 'camera.egg-info/SOURCES.txt'
[4.128s] running build_ext
[4.129s] Creating /home/dangthehung/ros2_ws/install/camera/lib/python3.12/site-packages/camera.egg-link (link to .)
[4.132s] Installing print_hello script to /home/dangthehung/ros2_ws/install/camera/lib/camera
[4.132s] Installing register_camera_and_save script to /home/dangthehung/ros2_ws/install/camera/lib/camera
[4.133s] Installing test script to /home/dangthehung/ros2_ws/install/camera/lib/camera
[4.133s] 
[4.133s] Installed /home/dangthehung/ros2_ws/build/camera
[4.133s] running symlink_data
[4.243s] Invoked command in '/home/dangthehung/ros2_ws/build/camera' returned '0': DEBUGINFOD_URLS=https://debuginfod.ubuntu.com PYTHONPATH=/home/dangthehung/ros2_ws/build/camera/prefix_override:/usr/lib/python3/dist-packages/colcon_core/task/python/colcon_distutils_commands:/home/dangthehung/ros2_ws/install/camera/lib/python3.12/site-packages:${PYTHONPATH} VIRTUAL_ENV_PROMPT=(myenv) /usr/bin/python3 -W ignore:setup.py install is deprecated setup.py develop --editable --build-directory /home/dangthehung/ros2_ws/build/camera/build --no-deps symlink_data
