[1.898s] Invoking command in '/home/dangthehung/ros2_ws/build/camera': DEBUGINFOD_URLS=https://debuginfod.ubuntu.com PS1=(myenv) \[\e]0;\u@\h: \w\a\]${debian_chroot:+($debian_chroot)}\[\033[01;32m\]\u@\h\[\033[00m\]:\[\033[01;34m\]\w\[\033[00m\]\$ PYTHONPATH=/home/dangthehung/ros2_ws/build/camera/prefix_override:/usr/lib/python3/dist-packages/colcon_core/task/python/colcon_distutils_commands:/home/dangthehung/ros2_ws/install/camera/lib/python3.12/site-packages:${PYTHONPATH} VIRTUAL_ENV_PROMPT=(myenv) /usr/bin/python3 -W ignore:setup.py install is deprecated setup.py develop --editable --build-directory /home/dangthehung/ros2_ws/build/camera/build --no-deps symlink_data
[2.747s] running develop
[2.747s] /usr/lib/python3/dist-packages/setuptools/command/develop.py:40: EasyInstallDeprecationWarning: easy_install command is deprecated.
[2.748s] !!
[2.748s] 
[2.748s]         ********************************************************************************
[2.749s]         Please avoid running ``setup.py`` and ``easy_install``.
[2.749s]         Instead, use pypa/build, pypa/installer or other
[2.749s]         standards-based tools.
[2.749s] 
[2.750s]         See https://github.com/pypa/setuptools/issues/917 for details.
[2.750s]         ********************************************************************************
[2.750s] 
[2.750s] !!
[2.751s]   easy_install.initialize_options(self)
[3.206s] running egg_info
[3.251s] writing camera.egg-info/PKG-INFO
[3.252s] writing dependency_links to camera.egg-info/dependency_links.txt
[3.252s] writing entry points to camera.egg-info/entry_points.txt
[3.253s] writing requirements to camera.egg-info/requires.txt
[3.253s] writing top-level names to camera.egg-info/top_level.txt
[3.341s] reading manifest file 'camera.egg-info/SOURCES.txt'
[3.342s] writing manifest file 'camera.egg-info/SOURCES.txt'
[3.387s] running build_ext
[3.390s] Creating /home/dangthehung/ros2_ws/install/camera/lib/python3.12/site-packages/camera.egg-link (link to .)
[3.390s] Installing print_hello script to /home/dangthehung/ros2_ws/install/camera/lib/camera
[3.391s] 
[3.391s] Installed /home/dangthehung/ros2_ws/build/camera
[3.391s] running symlink_data
[3.458s] Invoked command in '/home/dangthehung/ros2_ws/build/camera' returned '0': DEBUGINFOD_URLS=https://debuginfod.ubuntu.com PS1=(myenv) \[\e]0;\u@\h: \w\a\]${debian_chroot:+($debian_chroot)}\[\033[01;32m\]\u@\h\[\033[00m\]:\[\033[01;34m\]\w\[\033[00m\]\$ PYTHONPATH=/home/dangthehung/ros2_ws/build/camera/prefix_override:/usr/lib/python3/dist-packages/colcon_core/task/python/colcon_distutils_commands:/home/dangthehung/ros2_ws/install/camera/lib/python3.12/site-packages:${PYTHONPATH} VIRTUAL_ENV_PROMPT=(myenv) /usr/bin/python3 -W ignore:setup.py install is deprecated setup.py develop --editable --build-directory /home/dangthehung/ros2_ws/build/camera/build --no-deps symlink_data
