running develop
/usr/lib/python3/dist-packages/setuptools/command/develop.py:40: EasyInstallDeprecationWarning: easy_install command is deprecated.
!!

        ********************************************************************************
        Please avoid running ``setup.py`` and ``easy_install``.
        Instead, use pypa/build, pypa/installer or other
        standards-based tools.

        See https://github.com/pypa/setuptools/issues/917 for details.
        ********************************************************************************

!!
  easy_install.initialize_options(self)
running egg_info
creating camera.egg-info
writing camera.egg-info/PKG-INFO
writing dependency_links to camera.egg-info/dependency_links.txt
writing entry points to camera.egg-info/entry_points.txt
writing requirements to camera.egg-info/requires.txt
writing top-level names to camera.egg-info/top_level.txt
writing manifest file 'camera.egg-info/SOURCES.txt'
reading manifest file 'camera.egg-info/SOURCES.txt'
writing manifest file 'camera.egg-info/SOURCES.txt'
running build_ext
Creating /home/dangthehung/ros2_ws/install/camera/lib/python3.12/site-packages/camera.egg-link (link to .)
Installing print_hello script to /home/dangthehung/ros2_ws/install/camera/lib/camera

Installed /home/dangthehung/ros2_ws/build/camera
running symlink_data
creating /home/dangthehung/ros2_ws/install/camera/share/ament_index
creating /home/dangthehung/ros2_ws/install/camera/share/ament_index/resource_index
creating /home/dangthehung/ros2_ws/install/camera/share/ament_index/resource_index/packages
symbolically linking /home/dangthehung/ros2_ws/build/camera/resource/camera -> /home/dangthehung/ros2_ws/install/camera/share/ament_index/resource_index/packages
symbolically linking /home/dangthehung/ros2_ws/build/camera/package.xml -> /home/dangthehung/ros2_ws/install/camera/share/camera
