running develop
/usr/lib/python3/dist-packages/setuptools/command/develop.py:40: EasyInstallDeprecationWarning: easy_install command is deprecated.
!!

        ********************************************************************************
        Please avoid running ``setup.py`` and ``easy_install``.
        Instead, use pypa/build, pypa/installer or other
        standards-based tools.

        See https://github.com/pypa/setuptools/issues/917 for details.
        ********************************************************************************

!!
  easy_install.initialize_options(self)
running egg_info
writing camera.egg-info/PKG-INFO
writing dependency_links to camera.egg-info/dependency_links.txt
writing entry points to camera.egg-info/entry_points.txt
writing requirements to camera.egg-info/requires.txt
writing top-level names to camera.egg-info/top_level.txt
reading manifest file 'camera.egg-info/SOURCES.txt'
writing manifest file 'camera.egg-info/SOURCES.txt'
running build_ext
Creating /home/dangthehung/ros2_ws/install/camera/lib/python3.12/site-packages/camera.egg-link (link to .)
Installing print_hello script to /home/dangthehung/ros2_ws/install/camera/lib/camera
Installing register_camera_and_save script to /home/dangthehung/ros2_ws/install/camera/lib/camera
Installing segment_tubes script to /home/dangthehung/ros2_ws/install/camera/lib/camera
Installing test script to /home/dangthehung/ros2_ws/install/camera/lib/camera

Installed /home/dangthehung/ros2_ws/build/camera
running symlink_data
