[1.919s] Invoking command in '/home/dangthehung/ros2_ws/build/camera': DEBUGINFOD_URLS=https://debuginfod.ubuntu.com PS1=(myenv) \[\e]0;\u@\h: \w\a\]${debian_chroot:+($debian_chroot)}\[\033[01;32m\]\u@\h\[\033[00m\]:\[\033[01;34m\]\w\[\033[00m\]\$ PYTHONPATH=/home/dangthehung/ros2_ws/build/camera/prefix_override:/usr/lib/python3/dist-packages/colcon_core/task/python/colcon_distutils_commands:/home/dangthehung/ros2_ws/install/camera/lib/python3.12/site-packages:${PYTHONPATH} VIRTUAL_ENV_PROMPT=(myenv) /usr/bin/python3 -W ignore:setup.py install is deprecated setup.py develop --editable --build-directory /home/dangthehung/ros2_ws/build/camera/build --no-deps symlink_data
[2.690s] running develop
[2.690s] /usr/lib/python3/dist-packages/setuptools/command/develop.py:40: EasyInstallDeprecationWarning: easy_install command is deprecated.
[2.691s] !!
[2.691s] 
[2.691s]         ********************************************************************************
[2.691s]         Please avoid running ``setup.py`` and ``easy_install``.
[2.691s]         Instead, use pypa/build, pypa/installer or other
[2.692s]         standards-based tools.
[2.692s] 
[2.692s]         See https://github.com/pypa/setuptools/issues/917 for details.
[2.692s]         ********************************************************************************
[2.692s] 
[2.693s] !!
[2.693s]   easy_install.initialize_options(self)
[3.171s] running egg_info
[3.218s] writing camera.egg-info/PKG-INFO
[3.219s] writing dependency_links to camera.egg-info/dependency_links.txt
[3.219s] writing entry points to camera.egg-info/entry_points.txt
[3.220s] writing requirements to camera.egg-info/requires.txt
[3.220s] writing top-level names to camera.egg-info/top_level.txt
[3.315s] reading manifest file 'camera.egg-info/SOURCES.txt'
[3.317s] writing manifest file 'camera.egg-info/SOURCES.txt'
[3.366s] running build_ext
[3.366s] Creating /home/dangthehung/ros2_ws/install/camera/lib/python3.12/site-packages/camera.egg-link (link to .)
[3.368s] Installing print_hello script to /home/dangthehung/ros2_ws/install/camera/lib/camera
[3.368s] 
[3.369s] Installed /home/dangthehung/ros2_ws/build/camera
[3.369s] running symlink_data
[3.445s] Invoked command in '/home/dangthehung/ros2_ws/build/camera' returned '0': DEBUGINFOD_URLS=https://debuginfod.ubuntu.com PS1=(myenv) \[\e]0;\u@\h: \w\a\]${debian_chroot:+($debian_chroot)}\[\033[01;32m\]\u@\h\[\033[00m\]:\[\033[01;34m\]\w\[\033[00m\]\$ PYTHONPATH=/home/dangthehung/ros2_ws/build/camera/prefix_override:/usr/lib/python3/dist-packages/colcon_core/task/python/colcon_distutils_commands:/home/dangthehung/ros2_ws/install/camera/lib/python3.12/site-packages:${PYTHONPATH} VIRTUAL_ENV_PROMPT=(myenv) /usr/bin/python3 -W ignore:setup.py install is deprecated setup.py develop --editable --build-directory /home/dangthehung/ros2_ws/build/camera/build --no-deps symlink_data
