[1.663s] Invoking command in '/home/dangthehung/ros2_ws/build/camera': DEBUGINFOD_URLS=https://debuginfod.ubuntu.com PS1=(myenv) \[\e]0;\u@\h: \w\a\]${debian_chroot:+($debian_chroot)}\[\033[01;32m\]\u@\h\[\033[00m\]:\[\033[01;34m\]\w\[\033[00m\]\$ PYTHONPATH=/home/dangthehung/ros2_ws/build/camera/prefix_override:/usr/lib/python3/dist-packages/colcon_core/task/python/colcon_distutils_commands:/home/dangthehung/ros2_ws/install/camera/lib/python3.12/site-packages:${PYTHONPATH} VIRTUAL_ENV_PROMPT=(myenv) /usr/bin/python3 -W ignore:setup.py install is deprecated setup.py develop --editable --build-directory /home/dangthehung/ros2_ws/build/camera/build --no-deps symlink_data
[2.340s] running develop
[2.340s] /usr/lib/python3/dist-packages/setuptools/command/develop.py:40: EasyInstallDeprecationWarning: easy_install command is deprecated.
[2.341s] !!
[2.341s] 
[2.341s]         ********************************************************************************
[2.341s]         Please avoid running ``setup.py`` and ``easy_install``.
[2.342s]         Instead, use pypa/build, pypa/installer or other
[2.342s]         standards-based tools.
[2.342s] 
[2.342s]         See https://github.com/pypa/setuptools/issues/917 for details.
[2.343s]         ********************************************************************************
[2.343s] 
[2.343s] !!
[2.343s]   easy_install.initialize_options(self)
[2.754s] running egg_info
[2.794s] writing camera.egg-info/PKG-INFO
[2.794s] writing dependency_links to camera.egg-info/dependency_links.txt
[2.795s] writing entry points to camera.egg-info/entry_points.txt
[2.795s] writing requirements to camera.egg-info/requires.txt
[2.795s] writing top-level names to camera.egg-info/top_level.txt
[2.878s] reading manifest file 'camera.egg-info/SOURCES.txt'
[2.879s] writing manifest file 'camera.egg-info/SOURCES.txt'
[2.921s] running build_ext
[2.922s] Creating /home/dangthehung/ros2_ws/install/camera/lib/python3.12/site-packages/camera.egg-link (link to .)
[2.923s] Installing print_hello script to /home/dangthehung/ros2_ws/install/camera/lib/camera
[2.924s] 
[2.924s] Installed /home/dangthehung/ros2_ws/build/camera
[2.924s] running symlink_data
[2.992s] Invoked command in '/home/dangthehung/ros2_ws/build/camera' returned '0': DEBUGINFOD_URLS=https://debuginfod.ubuntu.com PS1=(myenv) \[\e]0;\u@\h: \w\a\]${debian_chroot:+($debian_chroot)}\[\033[01;32m\]\u@\h\[\033[00m\]:\[\033[01;34m\]\w\[\033[00m\]\$ PYTHONPATH=/home/dangthehung/ros2_ws/build/camera/prefix_override:/usr/lib/python3/dist-packages/colcon_core/task/python/colcon_distutils_commands:/home/dangthehung/ros2_ws/install/camera/lib/python3.12/site-packages:${PYTHONPATH} VIRTUAL_ENV_PROMPT=(myenv) /usr/bin/python3 -W ignore:setup.py install is deprecated setup.py develop --editable --build-directory /home/dangthehung/ros2_ws/build/camera/build --no-deps symlink_data
